<?xml version="1.0"?>
<!DOCTYPE coverage SYSTEM "http://cobertura.sourceforge.net/xml/coverage-04.dtd">

<coverage line-rate="0.0" branch-rate="0.0" lines-covered="0" lines-valid="687" branches-covered="0" branches-valid="212" complexity="3.440677966101695" version="2.1.1" timestamp="1554559554004">
	<sources>
		<source>--source</source>
		<source>/home/travis/build/universAAL/middleware/middleware.core/mw.managers.space.core/src/main/java</source>
	</sources>
	<packages>
		<package name="org.universAAL.middleware.managers.space" line-rate="0.0" branch-rate="0.0" complexity="3.34">
			<classes>
				<class name="org.universAAL.middleware.managers.space.MatchingResultImpl" filename="org/universAAL/middleware/managers/space/MatchingResultImpl.java" line-rate="0.0" branch-rate="0.0" complexity="1.3333333333333333">
					<methods>
						<method name="&lt;init&gt;" signature="(Ljava/util/Map;)V" line-rate="0.0" branch-rate="1.0" complexity="0">
							<lines>
								<line number="42" hits="0" branch="false"/>
								<line number="43" hits="0" branch="false"/>
								<line number="44" hits="0" branch="false"/>
							</lines>
						</method>
						<method name="getPeerAttribute" signature="(Lorg/universAAL/middleware/interfaces/PeerCard;)Ljava/util/Map;" line-rate="0.0" branch-rate="1.0" complexity="0">
							<lines>
								<line number="55" hits="0" branch="false"/>
								<line number="56" hits="0" branch="false"/>
							</lines>
						</method>
						<method name="getPeers" signature="()[Lorg/universAAL/middleware/interfaces/PeerCard;" line-rate="0.0" branch-rate="0.0" complexity="0">
							<lines>
								<line number="47" hits="0" branch="true" condition-coverage="0% (0/2)">
									<conditions>
										<condition number="0" type="jump" coverage="0%"/>
									</conditions>
								</line>
								<line number="48" hits="0" branch="false"/>
								<line number="49" hits="0" branch="false"/>
								<line number="51" hits="0" branch="false"/>
							</lines>
						</method>
					</methods>
					<lines>
						<line number="42" hits="0" branch="false"/>
						<line number="43" hits="0" branch="false"/>
						<line number="44" hits="0" branch="false"/>
						<line number="47" hits="0" branch="true" condition-coverage="0% (0/2)">
							<conditions>
								<condition number="0" type="jump" coverage="0%"/>
							</conditions>
						</line>
						<line number="48" hits="0" branch="false"/>
						<line number="49" hits="0" branch="false"/>
						<line number="51" hits="0" branch="false"/>
						<line number="55" hits="0" branch="false"/>
						<line number="56" hits="0" branch="false"/>
					</lines>
				</class>
				<class name="org.universAAL.middleware.managers.space.SpaceManagerImpl" filename="org/universAAL/middleware/managers/space/SpaceManagerImpl.java" line-rate="0.0" branch-rate="0.0" complexity="3.4680851063829787">
					<methods>
						<method name="&lt;init&gt;" signature="(Lorg/universAAL/middleware/container/ModuleContext;)V" line-rate="0.0" branch-rate="1.0" complexity="0">
							<lines>
								<line number="88" hits="0" branch="false"/>
								<line number="95" hits="0" branch="false"/>
								<line number="97" hits="0" branch="false"/>
								<line number="113" hits="0" branch="false"/>
								<line number="114" hits="0" branch="false"/>
								<line number="144" hits="0" branch="false"/>
								<line number="145" hits="0" branch="false"/>
								<line number="147" hits="0" branch="false"/>
								<line number="148" hits="0" branch="false"/>
								<line number="149" hits="0" branch="false"/>
								<line number="150" hits="0" branch="false"/>
								<line number="151" hits="0" branch="false"/>
								<line number="152" hits="0" branch="false"/>
								<line number="153" hits="0" branch="false"/>
								<line number="155" hits="0" branch="false"/>
								<line number="158" hits="0" branch="false"/>
								<line number="159" hits="0" branch="false"/>
								<line number="165" hits="0" branch="false"/>
								<line number="166" hits="0" branch="false"/>
								<line number="167" hits="0" branch="false"/>
							</lines>
						</method>
						<method name="addSpaceListener" signature="(Lorg/universAAL/middleware/managers/api/SpaceListener;)V" line-rate="0.0" branch-rate="0.0" complexity="0">
							<lines>
								<line number="1280" hits="0" branch="true" condition-coverage="0% (0/4)">
									<conditions>
										<condition number="0" type="jump" coverage="0%"/>
										<condition number="1" type="jump" coverage="0%"/>
									</conditions>
								</line>
								<line number="1281" hits="0" branch="false"/>
								<line number="1282" hits="0" branch="false"/>
							</lines>
						</method>
						<method name="buildSpaceFilter" signature="(Lorg/universAAL/middleware/interfaces/space/model/ISpace;)Ljava/util/Dictionary;" line-rate="0.0" branch-rate="0.0" complexity="0">
							<lines>
								<line number="613" hits="0" branch="false"/>
								<line number="614" hits="0" branch="true" condition-coverage="0% (0/2)">
									<conditions>
										<condition number="0" type="jump" coverage="0%"/>
									</conditions>
								</line>
								<line number="616" hits="0" branch="false"/>
								<line number="617" hits="0" branch="false"/>
								<line number="618" hits="0" branch="false"/>
								<line number="621" hits="0" branch="false"/>
								<line number="622" hits="0" branch="false"/>
								<line number="627" hits="0" branch="false"/>
								<line number="628" hits="0" branch="false"/>
								<line number="629" hits="0" branch="false"/>
								<line number="630" hits="0" branch="false"/>
								<line number="635" hits="0" branch="false"/>
								<line number="636" hits="0" branch="false"/>
								<line number="637" hits="0" branch="false"/>
								<line number="639" hits="0" branch="false"/>
							</lines>
						</method>
						<method name="cleanUpJoinRequest" signature="()V" line-rate="0.0" branch-rate="1.0" complexity="0">
							<lines>
								<line number="547" hits="0" branch="false"/>
								<line number="548" hits="0" branch="false"/>
								<line number="549" hits="0" branch="false"/>
								<line number="550" hits="0" branch="false"/>
								<line number="551" hits="0" branch="false"/>
								<line number="552" hits="0" branch="false"/>
								<line number="553" hits="0" branch="false"/>
							</lines>
						</method>
						<method name="closeManagedSpace" signature="(Lorg/universAAL/middleware/interfaces/space/SpaceDescriptor;)V" line-rate="0.0" branch-rate="1.0" complexity="0">
							<lines>
								<line number="1261" hits="0" branch="false"/>
								<line number="1263" hits="0" branch="false"/>
								<line number="1264" hits="0" branch="false"/>
								<line number="1265" hits="0" branch="false"/>
								<line number="1267" hits="0" branch="false"/>
								<line number="1268" hits="0" branch="false"/>
								<line number="1269" hits="0" branch="false"/>
								<line number="1270" hits="0" branch="false"/>
								<line number="1272" hits="0" branch="false"/>
								<line number="1273" hits="0" branch="false"/>
								<line number="1274" hits="0" branch="false"/>
								<line number="1275" hits="0" branch="false"/>
								<line number="1276" hits="0" branch="false"/>
								<line number="1277" hits="0" branch="false"/>
							</lines>
						</method>
						<method name="dispose" signature="()V" line-rate="0.0" branch-rate="0.0" complexity="0">
							<lines>
								<line number="1216" hits="0" branch="false"/>
								<line number="1219" hits="0" branch="true" condition-coverage="0% (0/2)">
									<conditions>
										<condition number="0" type="jump" coverage="0%"/>
									</conditions>
								</line>
								<line number="1220" hits="0" branch="false"/>
								<line number="1222" hits="0" branch="false"/>
								<line number="1223" hits="0" branch="false"/>
								<line number="1224" hits="0" branch="true" condition-coverage="0% (0/2)">
									<conditions>
										<condition number="0" type="jump" coverage="0%"/>
									</conditions>
								</line>
								<line number="1226" hits="0" branch="true" condition-coverage="0% (0/2)">
									<conditions>
										<condition number="0" type="jump" coverage="0%"/>
									</conditions>
								</line>
								<line number="1227" hits="0" branch="false"/>
								<line number="1230" hits="0" branch="true" condition-coverage="0% (0/2)">
									<conditions>
										<condition number="0" type="jump" coverage="0%"/>
									</conditions>
								</line>
								<line number="1231" hits="0" branch="false"/>
								<line number="1232" hits="0" branch="false"/>
								<line number="1233" hits="0" branch="false"/>
								<line number="1234" hits="0" branch="false"/>
								<line number="1236" hits="0" branch="false"/>
								<line number="1237" hits="0" branch="false"/>
								<line number="1239" hits="0" branch="true" condition-coverage="0% (0/2)">
									<conditions>
										<condition number="0" type="jump" coverage="0%"/>
									</conditions>
								</line>
								<line number="1240" hits="0" branch="false"/>
								<line number="1244" hits="0" branch="false"/>
								<line number="1247" hits="0" branch="false"/>
								<line number="1248" hits="0" branch="false"/>
								<line number="1249" hits="0" branch="false"/>
								<line number="1250" hits="0" branch="false"/>
								<line number="1251" hits="0" branch="false"/>
								<line number="1252" hits="0" branch="false"/>
								<line number="1253" hits="0" branch="false"/>
							</lines>
						</method>
						<method name="getChannel" signature="(Lorg/universAAL/middleware/interfaces/space/model/IChannelDescriptor;)Lorg/universAAL/middleware/interfaces/ChannelDescriptor;" line-rate="0.0" branch-rate="1.0" complexity="0">
							<lines>
								<line number="656" hits="0" branch="false"/>
								<line number="657" hits="0" branch="false"/>
								<line number="658" hits="0" branch="false"/>
								<line number="659" hits="0" branch="false"/>
							</lines>
						</method>
						<method name="getChannels" signature="(Ljava/util/List;)Ljava/util/List;" line-rate="0.0" branch-rate="0.0" complexity="0">
							<lines>
								<line number="644" hits="0" branch="false"/>
								<line number="646" hits="0" branch="true" condition-coverage="0% (0/2)">
									<conditions>
										<condition number="0" type="jump" coverage="0%"/>
									</conditions>
								</line>
								<line number="647" hits="0" branch="false"/>
								<line number="648" hits="0" branch="false"/>
								<line number="649" hits="0" branch="false"/>
								<line number="650" hits="0" branch="false"/>
								<line number="651" hits="0" branch="false"/>
								<line number="652" hits="0" branch="false"/>
							</lines>
						</method>
						<method name="getManagedSpaces" signature="()Ljava/util/Map;" line-rate="0.0" branch-rate="1.0" complexity="0">
							<lines>
								<line number="170" hits="0" branch="false"/>
							</lines>
						</method>
						<method name="getMatchingPeers" signature="(Ljava/util/Map;)Lorg/universAAL/middleware/managers/api/MatchingResult;" line-rate="0.0" branch-rate="1.0" complexity="0">
							<lines>
								<line number="1331" hits="0" branch="false"/>
								<line number="1332" hits="0" branch="false"/>
								<line number="1333" hits="0" branch="false"/>
								<line number="1334" hits="0" branch="false"/>
								<line number="1335" hits="0" branch="false"/>
								<line number="1336" hits="0" branch="false"/>
							</lines>
						</method>
						<method name="getMyPeerCard" signature="()Lorg/universAAL/middleware/interfaces/PeerCard;" line-rate="0.0" branch-rate="0.0" complexity="0">
							<lines>
								<line number="197" hits="0" branch="false"/>
								<line number="198" hits="0" branch="true" condition-coverage="0% (0/2)">
									<conditions>
										<condition number="0" type="jump" coverage="0%"/>
									</conditions>
								</line>
								<line number="199" hits="0" branch="false"/>
								<line number="201" hits="0" branch="false"/>
								<line number="202" hits="0" branch="false"/>
								<line number="203" hits="0" branch="false"/>
							</lines>
						</method>
						<method name="getPeerAttributes" signature="(Ljava/util/List;Lorg/universAAL/middleware/interfaces/PeerCard;)Ljava/util/Map;" line-rate="0.0" branch-rate="1.0" complexity="0">
							<lines>
								<line number="1341" hits="0" branch="false"/>
								<line number="1342" hits="0" branch="false"/>
								<line number="1343" hits="0" branch="false"/>
								<line number="1344" hits="0" branch="false"/>
								<line number="1345" hits="0" branch="false"/>
							</lines>
						</method>
						<method name="getPeers" signature="()Ljava/util/Map;" line-rate="0.0" branch-rate="1.0" complexity="0">
							<lines>
								<line number="174" hits="0" branch="false"/>
							</lines>
						</method>
						<method name="getPendingSpace" signature="()Ljava/lang/Boolean;" line-rate="0.0" branch-rate="1.0" complexity="0">
							<lines>
								<line number="185" hits="0" branch="false"/>
							</lines>
						</method>
						<method name="getReadbleFileList" signature="(Ljava/lang/String;[Ljava/lang/String;)[Ljava/io/File;" line-rate="0.0" branch-rate="0.0" complexity="0">
							<lines>
								<line number="706" hits="0" branch="false"/>
								<line number="707" hits="0" branch="true" condition-coverage="0% (0/2)">
									<conditions>
										<condition number="0" type="jump" coverage="0%"/>
									</conditions>
								</line>
								<line number="708" hits="0" branch="false"/>
								<line number="711" hits="0" branch="false"/>
								<line number="713" hits="0" branch="false"/>
								<line number="725" hits="0" branch="false"/>
							</lines>
						</method>
						<method name="getSpaceDefaultConfiguration" signature="()Lorg/universAAL/middleware/interfaces/space/model/ISpace;" line-rate="0.0" branch-rate="0.0" complexity="0">
							<lines>
								<line number="178" hits="0" branch="true" condition-coverage="0% (0/2)">
									<conditions>
										<condition number="0" type="jump" coverage="0%"/>
									</conditions>
								</line>
								<line number="179" hits="0" branch="false"/>
								<line number="181" hits="0" branch="false"/>
							</lines>
						</method>
						<method name="getSpaceDescriptor" signature="()Lorg/universAAL/middleware/interfaces/space/SpaceDescriptor;" line-rate="0.0" branch-rate="1.0" complexity="0">
							<lines>
								<line number="193" hits="0" branch="false"/>
							</lines>
						</method>
						<method name="getSpaceProperties" signature="(Lorg/universAAL/middleware/interfaces/space/model/ISpace;)Ljava/util/Dictionary;" line-rate="0.0" branch-rate="1.0" complexity="0">
							<lines>
								<line number="673" hits="0" branch="false"/>
								<line number="677" hits="0" branch="false"/>
								<line number="678" hits="0" branch="false"/>
								<line number="679" hits="0" branch="false"/>
								<line number="680" hits="0" branch="false"/>
								<line number="681" hits="0" branch="false"/>
								<line number="682" hits="0" branch="false"/>
								<line number="683" hits="0" branch="false"/>
								<line number="684" hits="0" branch="false"/>
								<line number="686" hits="0" branch="false"/>
								<line number="687" hits="0" branch="false"/>
								<line number="688" hits="0" branch="false"/>
								<line number="689" hits="0" branch="false"/>
								<line number="690" hits="0" branch="false"/>
								<line number="691" hits="0" branch="false"/>
								<line number="692" hits="0" branch="false"/>
								<line number="693" hits="0" branch="false"/>
								<line number="694" hits="0" branch="false"/>
								<line number="696" hits="0" branch="false"/>
								<line number="697" hits="0" branch="false"/>
								<line number="698" hits="0" branch="false"/>
								<line number="699" hits="0" branch="false"/>
								<line number="700" hits="0" branch="false"/>
								<line number="701" hits="0" branch="false"/>
							</lines>
						</method>
						<method name="getSpaceStatus" signature="()Lorg/universAAL/middleware/interfaces/space/SpaceStatus;" line-rate="0.0" branch-rate="1.0" complexity="0">
							<lines>
								<line number="1303" hits="0" branch="false"/>
							</lines>
						</method>
						<method name="getSpaces" signature="()Ljava/util/Set;" line-rate="0.0" branch-rate="1.0" complexity="0">
							<lines>
								<line number="207" hits="0" branch="false"/>
								<line number="208" hits="0" branch="false"/>
								<line number="209" hits="0" branch="false"/>
							</lines>
						</method>
						<method name="getWaitAfterJoinRequest" signature="()J" line-rate="0.0" branch-rate="1.0" complexity="0">
							<lines>
								<line number="189" hits="0" branch="false"/>
							</lines>
						</method>
						<method name="init" signature="()Z" line-rate="0.0" branch-rate="0.0" complexity="0">
							<lines>
								<line number="269" hits="0" branch="true" condition-coverage="0% (0/2)">
									<conditions>
										<condition number="0" type="jump" coverage="0%"/>
									</conditions>
								</line>
								<line number="270" hits="0" branch="false"/>
								<line number="273" hits="0" branch="false"/>
								<line number="275" hits="0" branch="false"/>
								<line number="277" hits="0" branch="false"/>
								<line number="279" hits="0" branch="true" condition-coverage="0% (0/2)">
									<conditions>
										<condition number="0" type="jump" coverage="0%"/>
									</conditions>
								</line>
								<line number="280" hits="0" branch="false"/>
								<line number="282" hits="0" branch="true" condition-coverage="0% (0/2)">
									<conditions>
										<condition number="0" type="jump" coverage="0%"/>
									</conditions>
								</line>
								<line number="283" hits="0" branch="false"/>
								<line number="285" hits="0" branch="false"/>
								<line number="286" hits="0" branch="false"/>
								<line number="289" hits="0" branch="false"/>
								<line number="291" hits="0" branch="false"/>
								<line number="292" hits="0" branch="false"/>
								<line number="297" hits="0" branch="false"/>
								<line number="298" hits="0" branch="false"/>
								<line number="302" hits="0" branch="true" condition-coverage="0% (0/2)">
									<conditions>
										<condition number="0" type="jump" coverage="0%"/>
									</conditions>
								</line>
								<line number="303" hits="0" branch="true" condition-coverage="0% (0/2)">
									<conditions>
										<condition number="0" type="jump" coverage="0%"/>
									</conditions>
								</line>
								<line number="304" hits="0" branch="false"/>
								<line number="310" hits="0" branch="false"/>
								<line number="312" hits="0" branch="false"/>
								<line number="318" hits="0" branch="false"/>
								<line number="319" hits="0" branch="false"/>
								<line number="320" hits="0" branch="false"/>
								<line number="323" hits="0" branch="false"/>
							</lines>
						</method>
						<method name="initSpace" signature="(Lorg/universAAL/middleware/interfaces/space/model/ISpace;)V" line-rate="0.0" branch-rate="0.0" complexity="0">
							<lines>
								<line number="336" hits="0" branch="true" condition-coverage="0% (0/2)">
									<conditions>
										<condition number="0" type="jump" coverage="0%"/>
									</conditions>
								</line>
								<line number="338" hits="0" branch="false"/>
								<line number="340" hits="0" branch="false"/>
								<line number="341" hits="0" branch="false"/>
								<line number="343" hits="0" branch="true" condition-coverage="0% (0/2)">
									<conditions>
										<condition number="0" type="jump" coverage="0%"/>
									</conditions>
								</line>
								<line number="345" hits="0" branch="false"/>
								<line number="352" hits="0" branch="false"/>
								<line number="355" hits="0" branch="false"/>
								<line number="359" hits="0" branch="false"/>
								<line number="360" hits="0" branch="false"/>
								<line number="361" hits="0" branch="true" condition-coverage="0% (0/4)">
									<conditions>
										<condition number="0" type="jump" coverage="0%"/>
										<condition number="1" type="jump" coverage="0%"/>
									</conditions>
								</line>
								<line number="362" hits="0" branch="false"/>
								<line number="364" hits="0" branch="false"/>
								<line number="365" hits="0" branch="false"/>
								<line number="366" hits="0" branch="false"/>
								<line number="368" hits="0" branch="true" condition-coverage="0% (0/2)">
									<conditions>
										<condition number="0" type="jump" coverage="0%"/>
									</conditions>
								</line>
								<line number="370" hits="0" branch="false"/>
								<line number="377" hits="0" branch="false"/>
								<line number="379" hits="0" branch="false"/>
								<line number="380" hits="0" branch="false"/>
								<line number="382" hits="0" branch="false"/>
								<line number="383" hits="0" branch="false"/>
								<line number="385" hits="0" branch="true" condition-coverage="0% (0/2)">
									<conditions>
										<condition number="0" type="jump" coverage="0%"/>
									</conditions>
								</line>
								<line number="386" hits="0" branch="false"/>
								<line number="387" hits="0" branch="false"/>
								<line number="388" hits="0" branch="false"/>
								<line number="389" hits="0" branch="false"/>
								<line number="392" hits="0" branch="false"/>
								<line number="393" hits="0" branch="false"/>
								<line number="394" hits="0" branch="false"/>
								<line number="395" hits="0" branch="false"/>
								<line number="399" hits="0" branch="false"/>
								<line number="402" hits="0" branch="false"/>
								<line number="405" hits="0" branch="false"/>
								<line number="406" hits="0" branch="false"/>
								<line number="411" hits="0" branch="false"/>
								<line number="412" hits="0" branch="false"/>
								<line number="417" hits="0" branch="false"/>
								<line number="421" hits="0" branch="true" condition-coverage="0% (0/2)">
									<conditions>
										<condition number="0" type="jump" coverage="0%"/>
									</conditions>
								</line>
								<line number="422" hits="0" branch="false"/>
								<line number="423" hits="0" branch="false"/>
								<line number="424" hits="0" branch="false"/>
								<line number="427" hits="0" branch="false"/>
								<line number="431" hits="0" branch="false"/>
								<line number="432" hits="0" branch="false"/>
								<line number="440" hits="0" branch="false"/>
								<line number="441" hits="0" branch="false"/>
								<line number="447" hits="0" branch="false"/>
								<line number="450" hits="0" branch="false"/>
								<line number="451" hits="0" branch="false"/>
								<line number="456" hits="0" branch="false"/>
								<line number="457" hits="0" branch="false"/>
								<line number="458" hits="0" branch="false"/>
							</lines>
						</method>
						<method name="join" signature="(Lorg/universAAL/middleware/interfaces/space/SpaceCard;)V" line-rate="0.0" branch-rate="0.0" complexity="0">
							<lines>
								<line number="461" hits="0" branch="true" condition-coverage="0% (0/2)">
									<conditions>
										<condition number="0" type="jump" coverage="0%"/>
									</conditions>
								</line>
								<line number="462" hits="0" branch="false"/>
								<line number="469" hits="0" branch="true" condition-coverage="0% (0/2)">
									<conditions>
										<condition number="0" type="jump" coverage="0%"/>
									</conditions>
								</line>
								<line number="470" hits="0" branch="false"/>
								<line number="471" hits="0" branch="false"/>
								<line number="472" hits="0" branch="false"/>
								<line number="474" hits="0" branch="false"/>
								<line number="475" hits="0" branch="false"/>
								<line number="480" hits="0" branch="false"/>
								<line number="481" hits="0" branch="false"/>
								<line number="483" hits="0" branch="false"/>
								<line number="489" hits="0" branch="true" condition-coverage="0% (0/2)">
									<conditions>
										<condition number="0" type="jump" coverage="0%"/>
									</conditions>
								</line>
								<line number="491" hits="0" branch="true" condition-coverage="0% (0/2)">
									<conditions>
										<condition number="0" type="jump" coverage="0%"/>
									</conditions>
								</line>
								<line number="492" hits="0" branch="false"/>
								<line number="493" hits="0" branch="false"/>
								<line number="495" hits="0" branch="false"/>
								<line number="496" hits="0" branch="false"/>
								<line number="497" hits="0" branch="false"/>
								<line number="498" hits="0" branch="false"/>
								<line number="502" hits="0" branch="true" condition-coverage="0% (0/2)">
									<conditions>
										<condition number="0" type="jump" coverage="0%"/>
									</conditions>
								</line>
								<line number="510" hits="0" branch="false"/>
								<line number="511" hits="0" branch="false"/>
								<line number="512" hits="0" branch="false"/>
								<line number="519" hits="0" branch="false"/>
								<line number="526" hits="0" branch="false"/>
								<line number="529" hits="0" branch="false"/>
								<line number="530" hits="0" branch="false"/>
								<line number="531" hits="0" branch="false"/>
								<line number="533" hits="0" branch="false"/>
								<line number="534" hits="0" branch="false"/>
								<line number="536" hits="0" branch="false"/>
								<line number="537" hits="0" branch="false"/>
								<line number="538" hits="0" branch="false"/>
								<line number="539" hits="0" branch="false"/>
								<line number="541" hits="0" branch="false"/>
								<line number="544" hits="0" branch="false"/>
							</lines>
						</method>
						<method name="joinRequest" signature="(Lorg/universAAL/middleware/interfaces/space/SpaceCard;Lorg/universAAL/middleware/interfaces/PeerCard;)V" line-rate="0.0" branch-rate="0.0" complexity="0">
							<lines>
								<line number="1009" hits="0" branch="true" condition-coverage="0% (0/2)">
									<conditions>
										<condition number="0" type="jump" coverage="0%"/>
									</conditions>
								</line>
								<line number="1010" hits="0" branch="true" condition-coverage="0% (0/4)">
									<conditions>
										<condition number="0" type="jump" coverage="0%"/>
										<condition number="1" type="jump" coverage="0%"/>
									</conditions>
								</line>
								<line number="1011" hits="0" branch="true" condition-coverage="0% (0/2)">
									<conditions>
										<condition number="0" type="jump" coverage="0%"/>
									</conditions>
								</line>
								<line number="1012" hits="0" branch="false"/>
								<line number="1014" hits="0" branch="false"/>
								<line number="1017" hits="0" branch="true" condition-coverage="0% (0/2)">
									<conditions>
										<condition number="0" type="jump" coverage="0%"/>
									</conditions>
								</line>
								<line number="1018" hits="0" branch="false"/>
								<line number="1024" hits="0" branch="false"/>
								<line number="1027" hits="0" branch="true" condition-coverage="0% (0/2)">
									<conditions>
										<condition number="0" type="jump" coverage="0%"/>
									</conditions>
								</line>
								<line number="1028" hits="0" branch="false"/>
								<line number="1033" hits="0" branch="false"/>
								<line number="1035" hits="0" branch="false"/>
								<line number="1039" hits="0" branch="false"/>
								<line number="1045" hits="0" branch="false"/>
								<line number="1047" hits="0" branch="false"/>
								<line number="1048" hits="0" branch="false"/>
								<line number="1054" hits="0" branch="false"/>
								<line number="1059" hits="0" branch="false"/>
								<line number="1063" hits="0" branch="false"/>
								<line number="1066" hits="0" branch="false"/>
							</lines>
						</method>
						<method name="leaveRequest" signature="(Lorg/universAAL/middleware/interfaces/space/SpaceDescriptor;)V" line-rate="0.0" branch-rate="0.0" complexity="0">
							<lines>
								<line number="1129" hits="0" branch="true" condition-coverage="0% (0/2)">
									<conditions>
										<condition number="0" type="jump" coverage="0%"/>
									</conditions>
								</line>
								<line number="1131" hits="0" branch="false"/>
								<line number="1132" hits="0" branch="true" condition-coverage="0% (0/2)">
									<conditions>
										<condition number="0" type="jump" coverage="0%"/>
									</conditions>
								</line>
								<line number="1133" hits="0" branch="false"/>
								<line number="1135" hits="0" branch="false"/>
								<line number="1136" hits="0" branch="false"/>
								<line number="1138" hits="0" branch="false"/>
								<line number="1139" hits="0" branch="false"/>
								<line number="1140" hits="0" branch="false"/>
								<line number="1141" hits="0" branch="false"/>
								<line number="1143" hits="0" branch="false"/>
								<line number="1145" hits="0" branch="false"/>
								<line number="1147" hits="0" branch="false"/>
								<line number="1148" hits="0" branch="false"/>
								<line number="1150" hits="0" branch="false"/>
							</lines>
						</method>
						<method name="leaveSpace" signature="(Lorg/universAAL/middleware/interfaces/space/SpaceDescriptor;)V" line-rate="0.0" branch-rate="0.0" complexity="0">
							<lines>
								<line number="1153" hits="0" branch="true" condition-coverage="0% (0/2)">
									<conditions>
										<condition number="0" type="jump" coverage="0%"/>
									</conditions>
								</line>
								<line number="1154" hits="0" branch="true" condition-coverage="0% (0/2)">
									<conditions>
										<condition number="0" type="jump" coverage="0%"/>
									</conditions>
								</line>
								<line number="1155" hits="0" branch="true" condition-coverage="0% (0/2)">
									<conditions>
										<condition number="0" type="jump" coverage="0%"/>
									</conditions>
								</line>
								<line number="1156" hits="0" branch="false"/>
								<line number="1157" hits="0" branch="false"/>
								<line number="1162" hits="0" branch="false"/>
								<line number="1164" hits="0" branch="false"/>
								<line number="1165" hits="0" branch="false"/>
								<line number="1166" hits="0" branch="true" condition-coverage="0% (0/2)">
									<conditions>
										<condition number="0" type="jump" coverage="0%"/>
									</conditions>
								</line>
								<line number="1168" hits="0" branch="false"/>
								<line number="1173" hits="0" branch="false"/>
								<line number="1175" hits="0" branch="false"/>
								<line number="1176" hits="0" branch="false"/>
								<line number="1178" hits="0" branch="false"/>
								<line number="1179" hits="0" branch="false"/>
								<line number="1180" hits="0" branch="false"/>
								<line number="1185" hits="0" branch="false"/>
								<line number="1186" hits="0" branch="true" condition-coverage="0% (0/2)">
									<conditions>
										<condition number="0" type="jump" coverage="0%"/>
									</conditions>
								</line>
								<line number="1187" hits="0" branch="false"/>
								<line number="1189" hits="0" branch="false"/>
								<line number="1190" hits="0" branch="false"/>
								<line number="1192" hits="0" branch="false"/>
								<line number="1193" hits="0" branch="false"/>
								<line number="1194" hits="0" branch="false"/>
								<line number="1195" hits="0" branch="false"/>
								<line number="1197" hits="0" branch="false"/>
								<line number="1199" hits="0" branch="false"/>
								<line number="1203" hits="0" branch="true" condition-coverage="0% (0/2)">
									<conditions>
										<condition number="0" type="jump" coverage="0%"/>
									</conditions>
								</line>
								<line number="1205" hits="0" branch="false"/>
								<line number="1206" hits="0" branch="false"/>
								<line number="1209" hits="0" branch="false"/>
								<line number="1212" hits="0" branch="false"/>
							</lines>
						</method>
						<method name="loadConfigurationFromJSON" signature="([Ljava/io/File;)Lorg/universAAL/middleware/interfaces/space/model/ISpace;" line-rate="0.0" branch-rate="1.0" complexity="0">
							<lines>
								<line number="789" hits="0" branch="false"/>
							</lines>
						</method>
						<method name="loadConfigurationFromXML" signature="([Ljava/io/File;)Lorg/universAAL/middleware/interfaces/space/model/ISpace;" line-rate="0.0" branch-rate="0.0" complexity="0">
							<lines>
								<line number="793" hits="0" branch="false"/>
								<line number="794" hits="0" branch="false"/>
								<line number="796" hits="0" branch="true" condition-coverage="0% (0/2)">
									<conditions>
										<condition number="0" type="jump" coverage="0%"/>
									</conditions>
								</line>
								<line number="797" hits="0" branch="false"/>
								<line number="803" hits="0" branch="false"/>
								<line number="805" hits="0" branch="false"/>
								<line number="807" hits="0" branch="false"/>
								<line number="809" hits="0" branch="false"/>
								<line number="811" hits="0" branch="false"/>
								<line number="812" hits="0" branch="false"/>
								<line number="814" hits="0" branch="false"/>
								<line number="815" hits="0" branch="false"/>
								<line number="816" hits="0" branch="false"/>
								<line number="818" hits="0" branch="false"/>
								<line number="819" hits="0" branch="false"/>
								<line number="820" hits="0" branch="false"/>
								<line number="822" hits="0" branch="false"/>
							</lines>
						</method>
						<method name="loadConfigurations" signature="(Ljava/util/Dictionary;)V" line-rate="0.0" branch-rate="0.0" complexity="0">
							<lines>
								<line number="894" hits="0" branch="false"/>
								<line number="897" hits="0" branch="true" condition-coverage="0% (0/2)">
									<conditions>
										<condition number="0" type="jump" coverage="0%"/>
									</conditions>
								</line>
								<line number="898" hits="0" branch="false"/>
								<line number="902" hits="0" branch="false"/>
								<line number="904" hits="0" branch="false"/>
								<line number="907" hits="0" branch="false"/>
								<line number="908" hits="0" branch="false"/>
								<line number="909" hits="0" branch="false"/>
								<line number="910" hits="0" branch="false"/>
								<line number="911" hits="0" branch="true" condition-coverage="0% (0/2)">
									<conditions>
										<condition number="0" type="jump" coverage="0%"/>
									</conditions>
								</line>
								<line number="912" hits="0" branch="false"/>
								<line number="914" hits="0" branch="true" condition-coverage="0% (0/2)">
									<conditions>
										<condition number="0" type="jump" coverage="0%"/>
									</conditions>
								</line>
								<line number="915" hits="0" branch="false"/>
								<line number="916" hits="0" branch="false"/>
								<line number="925" hits="0" branch="false"/>
								<line number="926" hits="0" branch="false"/>
								<line number="927" hits="0" branch="false"/>
								<line number="931" hits="0" branch="false"/>
								<line number="938" hits="0" branch="false"/>
								<line number="939" hits="0" branch="false"/>
								<line number="941" hits="0" branch="false"/>
								<line number="944" hits="0" branch="false"/>
								<line number="945" hits="0" branch="false"/>
								<line number="947" hits="0" branch="true" condition-coverage="0% (0/2)">
									<conditions>
										<condition number="0" type="jump" coverage="0%"/>
									</conditions>
								</line>
								<line number="948" hits="0" branch="false"/>
								<line number="956" hits="0" branch="false"/>
								<line number="957" hits="0" branch="false"/>
								<line number="958" hits="0" branch="true" condition-coverage="0% (0/2)">
									<conditions>
										<condition number="0" type="jump" coverage="0%"/>
									</conditions>
								</line>
								<line number="959" hits="0" branch="false"/>
								<line number="968" hits="0" branch="false"/>
								<line number="974" hits="0" branch="false"/>
								<line number="975" hits="0" branch="false"/>
								<line number="982" hits="0" branch="false"/>
								<line number="983" hits="0" branch="false"/>
								<line number="984" hits="0" branch="false"/>
								<line number="987" hits="0" branch="false"/>
								<line number="988" hits="0" branch="false"/>
								<line number="989" hits="0" branch="false"/>
								<line number="990" hits="0" branch="false"/>
								<line number="991" hits="0" branch="false"/>
								<line number="992" hits="0" branch="false"/>
								<line number="993" hits="0" branch="false"/>
								<line number="994" hits="0" branch="false"/>
								<line number="995" hits="0" branch="false"/>
								<line number="996" hits="0" branch="false"/>
								<line number="998" hits="0" branch="false"/>
								<line number="999" hits="0" branch="false"/>
								<line number="1000" hits="0" branch="false"/>
								<line number="1001" hits="0" branch="false"/>
								<line number="1002" hits="0" branch="false"/>
								<line number="1003" hits="0" branch="false"/>
								<line number="1004" hits="0" branch="false"/>
								<line number="1005" hits="0" branch="false"/>
								<line number="1006" hits="0" branch="false"/>
							</lines>
						</method>
						<method name="loadPeerCard" signature="()V" line-rate="0.0" branch-rate="0.0" complexity="0">
							<lines>
								<line number="213" hits="0" branch="false"/>
								<line number="215" hits="0" branch="false"/>
								<line number="216" hits="0" branch="false"/>
								<line number="217" hits="0" branch="true" condition-coverage="0% (0/2)">
									<conditions>
										<condition number="0" type="jump" coverage="0%"/>
									</conditions>
								</line>
								<line number="218" hits="0" branch="false"/>
								<line number="225" hits="0" branch="false"/>
								<line number="226" hits="0" branch="false"/>
								<line number="227" hits="0" branch="false"/>
								<line number="228" hits="0" branch="false"/>
								<line number="229" hits="0" branch="false"/>
								<line number="230" hits="0" branch="false"/>
								<line number="233" hits="0" branch="false"/>
								<line number="234" hits="0" branch="false"/>
								<line number="237" hits="0" branch="false"/>
								<line number="238" hits="0" branch="true" condition-coverage="0% (0/2)">
									<conditions>
										<condition number="0" type="jump" coverage="0%"/>
									</conditions>
								</line>
								<line number="239" hits="0" branch="false"/>
								<line number="241" hits="0" branch="false"/>
								<line number="242" hits="0" branch="false"/>
								<line number="247" hits="0" branch="false"/>
								<line number="250" hits="0" branch="false"/>
								<line number="252" hits="0" branch="false"/>
								<line number="255" hits="0" branch="false"/>
								<line number="256" hits="0" branch="false"/>
								<line number="257" hits="0" branch="false"/>
								<line number="260" hits="0" branch="false"/>
								<line number="261" hits="0" branch="false"/>
								<line number="264" hits="0" branch="false"/>
								<line number="265" hits="0" branch="false"/>
								<line number="266" hits="0" branch="false"/>
							</lines>
						</method>
						<method name="loadXMLParser" signature="()V" line-rate="0.0" branch-rate="0.0" complexity="0">
							<lines>
								<line number="850" hits="0" branch="true" condition-coverage="0% (0/2)">
									<conditions>
										<condition number="0" type="jump" coverage="0%"/>
									</conditions>
								</line>
								<line number="851" hits="0" branch="false"/>
								<line number="853" hits="0" branch="false"/>
								<line number="854" hits="0" branch="false"/>
								<line number="856" hits="0" branch="true" condition-coverage="0% (0/6)">
									<conditions>
										<condition number="0" type="jump" coverage="0%"/>
										<condition number="1" type="jump" coverage="0%"/>
										<condition number="2" type="jump" coverage="0%"/>
									</conditions>
								</line>
								<line number="858" hits="0" branch="false"/>
								<line number="861" hits="0" branch="false"/>
							</lines>
						</method>
						<method name="loadXMLValidation" signature="()V" line-rate="0.0" branch-rate="0.0" complexity="0">
							<lines>
								<line number="864" hits="0" branch="false"/>
								<line number="865" hits="0" branch="false"/>
								<line number="867" hits="0" branch="false"/>
								<line number="868" hits="0" branch="false"/>
								<line number="869" hits="0" branch="false"/>
								<line number="871" hits="0" branch="false"/>
								<line number="872" hits="0" branch="true" condition-coverage="0% (0/2)">
									<conditions>
										<condition number="0" type="jump" coverage="0%"/>
									</conditions>
								</line>
								<line number="873" hits="0" branch="false"/>
								<line number="875" hits="0" branch="false"/>
								<line number="876" hits="0" branch="false"/>
								<line number="879" hits="0" branch="false"/>
								<line number="880" hits="0" branch="false"/>
								<line number="881" hits="0" branch="false"/>
								<line number="883" hits="0" branch="false"/>
								<line number="884" hits="0" branch="false"/>
								<line number="890" hits="0" branch="false"/>
								<line number="891" hits="0" branch="false"/>
							</lines>
						</method>
						<method name="mpaInstalled" signature="(Lorg/universAAL/middleware/interfaces/space/SpaceDescriptor;)V" line-rate="0.0" branch-rate="1.0" complexity="0">
							<lines>
								<line number="1307" hits="0" branch="false"/>
								<line number="1309" hits="0" branch="false"/>
							</lines>
						</method>
						<method name="mpaInstalling" signature="(Lorg/universAAL/middleware/interfaces/space/SpaceDescriptor;)V" line-rate="0.0" branch-rate="1.0" complexity="0">
							<lines>
								<line number="1313" hits="0" branch="false"/>
								<line number="1315" hits="0" branch="false"/>
							</lines>
						</method>
						<method name="newSpacesFound" signature="(Ljava/util/Set;)V" line-rate="0.0" branch-rate="0.0" complexity="0">
							<lines>
								<line number="1069" hits="0" branch="true" condition-coverage="0% (0/2)">
									<conditions>
										<condition number="0" type="jump" coverage="0%"/>
									</conditions>
								</line>
								<line number="1070" hits="0" branch="false"/>
								<line number="1071" hits="0" branch="false"/>
								<line number="1072" hits="0" branch="false"/>
								<line number="1073" hits="0" branch="true" condition-coverage="0% (0/2)">
									<conditions>
										<condition number="0" type="jump" coverage="0%"/>
									</conditions>
								</line>
								<line number="1074" hits="0" branch="false"/>
								<line number="1079" hits="0" branch="false"/>
								<line number="1082" hits="0" branch="false"/>
							</lines>
						</method>
						<method name="parametrizeChannelNames" signature="(Lorg/universAAL/middleware/interfaces/space/model/ISpace;)Lorg/universAAL/middleware/interfaces/space/model/ISpace;" line-rate="0.0" branch-rate="0.0" complexity="0">
							<lines>
								<line number="835" hits="0" branch="false"/>
								<line number="836" hits="0" branch="false"/>
								<line number="837" hits="0" branch="false"/>
								<line number="838" hits="0" branch="false"/>
								<line number="839" hits="0" branch="false"/>
								<line number="841" hits="0" branch="true" condition-coverage="0% (0/2)">
									<conditions>
										<condition number="0" type="jump" coverage="0%"/>
									</conditions>
								</line>
								<line number="842" hits="0" branch="false"/>
								<line number="843" hits="0" branch="false"/>
								<line number="845" hits="0" branch="false"/>
								<line number="846" hits="0" branch="false"/>
							</lines>
						</method>
						<method name="peerFound" signature="(Lorg/universAAL/middleware/interfaces/PeerCard;)V" line-rate="0.0" branch-rate="0.0" complexity="0">
							<lines>
								<line number="1085" hits="0" branch="true" condition-coverage="0% (0/4)">
									<conditions>
										<condition number="0" type="jump" coverage="0%"/>
										<condition number="1" type="jump" coverage="0%"/>
									</conditions>
								</line>
								<line number="1086" hits="0" branch="false"/>
								<line number="1088" hits="0" branch="false"/>
								<line number="1090" hits="0" branch="false"/>
								<line number="1091" hits="0" branch="true" condition-coverage="0% (0/2)">
									<conditions>
										<condition number="0" type="jump" coverage="0%"/>
									</conditions>
								</line>
								<line number="1092" hits="0" branch="false"/>
								<line number="1093" hits="0" branch="false"/>
								<line number="1095" hits="0" branch="false"/>
							</lines>
						</method>
						<method name="peerLost" signature="(Lorg/universAAL/middleware/interfaces/PeerCard;)V" line-rate="0.0" branch-rate="0.0" complexity="0">
							<lines>
								<line number="1098" hits="0" branch="true" condition-coverage="0% (0/2)">
									<conditions>
										<condition number="0" type="jump" coverage="0%"/>
									</conditions>
								</line>
								<line number="1099" hits="0" branch="false"/>
								<line number="1100" hits="0" branch="false"/>
								<line number="1102" hits="0" branch="false"/>
								<line number="1103" hits="0" branch="true" condition-coverage="0% (0/2)">
									<conditions>
										<condition number="0" type="jump" coverage="0%"/>
									</conditions>
								</line>
								<line number="1104" hits="0" branch="false"/>
								<line number="1105" hits="0" branch="false"/>
								<line number="1107" hits="0" branch="false"/>
							</lines>
						</method>
						<method name="readSpaceDefaultConfigurations" signature="()Lorg/universAAL/middleware/interfaces/space/model/ISpace;" line-rate="0.0" branch-rate="0.0" complexity="0">
							<lines>
								<line number="729" hits="0" branch="false"/>
								<line number="730" hits="0" branch="false"/>
								<line number="732" hits="0" branch="false"/>
								<line number="733" hits="0" branch="false"/>
								<line number="736" hits="0" branch="false"/>
								<line number="738" hits="0" branch="false"/>
								<line number="739" hits="0" branch="false"/>
								<line number="740" hits="0" branch="false"/>
								<line number="741" hits="0" branch="false"/>
								<line number="743" hits="0" branch="false"/>
								<line number="747" hits="0" branch="false"/>
								<line number="749" hits="0" branch="true" condition-coverage="0% (0/4)">
									<conditions>
										<condition number="0" type="jump" coverage="0%"/>
										<condition number="1" type="jump" coverage="0%"/>
									</conditions>
								</line>
								<line number="750" hits="0" branch="false"/>
								<line number="760" hits="0" branch="false"/>
								<line number="761" hits="0" branch="false"/>
								<line number="765" hits="0" branch="true" condition-coverage="0% (0/4)">
									<conditions>
										<condition number="0" type="jump" coverage="0%"/>
										<condition number="1" type="jump" coverage="0%"/>
									</conditions>
								</line>
								<line number="766" hits="0" branch="false"/>
								<line number="777" hits="0" branch="false"/>
								<line number="780" hits="0" branch="false"/>
								<line number="781" hits="0" branch="false"/>
								<line number="782" hits="0" branch="true" condition-coverage="0% (0/2)">
									<conditions>
										<condition number="0" type="jump" coverage="0%"/>
									</conditions>
								</line>
								<line number="783" hits="0" branch="false"/>
								<line number="785" hits="0" branch="false"/>
							</lines>
						</method>
						<method name="removeSpaceListener" signature="(Lorg/universAAL/middleware/managers/api/SpaceListener;)V" line-rate="0.0" branch-rate="0.0" complexity="0">
							<lines>
								<line number="1285" hits="0" branch="true" condition-coverage="0% (0/2)">
									<conditions>
										<condition number="0" type="jump" coverage="0%"/>
									</conditions>
								</line>
								<line number="1286" hits="0" branch="false"/>
								<line number="1287" hits="0" branch="false"/>
							</lines>
						</method>
						<method name="setListOfPeers" signature="(Ljava/util/Map;)V" line-rate="0.0" branch-rate="0.0" complexity="0">
							<lines>
								<line number="1292" hits="0" branch="true" condition-coverage="0% (0/2)">
									<conditions>
										<condition number="0" type="jump" coverage="0%"/>
									</conditions>
								</line>
								<line number="1293" hits="0" branch="true" condition-coverage="0% (0/2)">
									<conditions>
										<condition number="0" type="jump" coverage="0%"/>
									</conditions>
								</line>
								<line number="1294" hits="0" branch="false"/>
								<line number="1297" hits="0" branch="false"/>
								<line number="1299" hits="0" branch="false"/>
								<line number="1300" hits="0" branch="false"/>
							</lines>
						</method>
						<method name="sharedObjectAdded" signature="(Ljava/lang/Object;Ljava/lang/Object;)V" line-rate="0.0" branch-rate="0.0" complexity="0">
							<lines>
								<line number="1110" hits="0" branch="true" condition-coverage="0% (0/2)">
									<conditions>
										<condition number="0" type="jump" coverage="0%"/>
									</conditions>
								</line>
								<line number="1111" hits="0" branch="false"/>
								<line number="1114" hits="0" branch="false"/>
								<line number="1116" hits="0" branch="false"/>
							</lines>
						</method>
						<method name="sharedObjectRemoved" signature="(Ljava/lang/Object;)V" line-rate="0.0" branch-rate="0.0" complexity="0">
							<lines>
								<line number="1119" hits="0" branch="true" condition-coverage="0% (0/2)">
									<conditions>
										<condition number="0" type="jump" coverage="0%"/>
									</conditions>
								</line>
								<line number="1120" hits="0" branch="false"/>
								<line number="1123" hits="0" branch="false"/>
								<line number="1124" hits="0" branch="false"/>
								<line number="1126" hits="0" branch="false"/>
							</lines>
						</method>
						<method name="spaceEvent" signature="(Lorg/universAAL/middleware/interfaces/space/SpaceStatus;)V" line-rate="0.0" branch-rate="0.0" complexity="0">
							<lines>
								<line number="1318" hits="0" branch="false"/>
								<line number="1323" hits="0" branch="false"/>
								<line number="1325" hits="0" branch="true" condition-coverage="0% (0/2)">
									<conditions>
										<condition number="0" type="jump" coverage="0%"/>
									</conditions>
								</line>
								<line number="1326" hits="0" branch="false"/>
								<line number="1327" hits="0" branch="false"/>
								<line number="1328" hits="0" branch="false"/>
							</lines>
						</method>
						<method name="spaceJoined" signature="(Lorg/universAAL/middleware/interfaces/space/SpaceDescriptor;)V" line-rate="0.0" branch-rate="0.0" complexity="0">
							<lines>
								<line number="556" hits="0" branch="true" condition-coverage="0% (0/2)">
									<conditions>
										<condition number="0" type="jump" coverage="0%"/>
									</conditions>
								</line>
								<line number="557" hits="0" branch="false"/>
								<line number="559" hits="0" branch="false"/>
								<line number="561" hits="0" branch="false"/>
								<line number="562" hits="0" branch="false"/>
								<line number="563" hits="0" branch="false"/>
								<line number="565" hits="0" branch="false"/>
								<line number="569" hits="0" branch="false"/>
								<line number="570" hits="0" branch="false"/>
								<line number="571" hits="0" branch="false"/>
								<line number="576" hits="0" branch="false"/>
								<line number="577" hits="0" branch="false"/>
								<line number="578" hits="0" branch="false"/>
								<line number="579" hits="0" branch="false"/>
								<line number="581" hits="0" branch="false"/>
								<line number="582" hits="0" branch="false"/>
								<line number="583" hits="0" branch="true" condition-coverage="0% (0/2)">
									<conditions>
										<condition number="0" type="jump" coverage="0%"/>
									</conditions>
								</line>
								<line number="584" hits="0" branch="false"/>
								<line number="585" hits="0" branch="false"/>
								<line number="588" hits="0" branch="false"/>
								<line number="589" hits="0" branch="false"/>
								<line number="592" hits="0" branch="false"/>
								<line number="593" hits="0" branch="false"/>
								<line number="595" hits="0" branch="false"/>
								<line number="598" hits="0" branch="true" condition-coverage="0% (0/2)">
									<conditions>
										<condition number="0" type="jump" coverage="0%"/>
									</conditions>
								</line>
								<line number="599" hits="0" branch="false"/>
								<line number="600" hits="0" branch="false"/>
								<line number="601" hits="0" branch="false"/>
								<line number="602" hits="0" branch="false"/>
								<line number="608" hits="0" branch="false"/>
								<line number="610" hits="0" branch="false"/>
							</lines>
						</method>
					</methods>
					<lines>
						<line number="88" hits="0" branch="false"/>
						<line number="95" hits="0" branch="false"/>
						<line number="97" hits="0" branch="false"/>
						<line number="113" hits="0" branch="false"/>
						<line number="114" hits="0" branch="false"/>
						<line number="144" hits="0" branch="false"/>
						<line number="145" hits="0" branch="false"/>
						<line number="147" hits="0" branch="false"/>
						<line number="148" hits="0" branch="false"/>
						<line number="149" hits="0" branch="false"/>
						<line number="150" hits="0" branch="false"/>
						<line number="151" hits="0" branch="false"/>
						<line number="152" hits="0" branch="false"/>
						<line number="153" hits="0" branch="false"/>
						<line number="155" hits="0" branch="false"/>
						<line number="158" hits="0" branch="false"/>
						<line number="159" hits="0" branch="false"/>
						<line number="165" hits="0" branch="false"/>
						<line number="166" hits="0" branch="false"/>
						<line number="167" hits="0" branch="false"/>
						<line number="170" hits="0" branch="false"/>
						<line number="174" hits="0" branch="false"/>
						<line number="178" hits="0" branch="true" condition-coverage="0% (0/2)">
							<conditions>
								<condition number="0" type="jump" coverage="0%"/>
							</conditions>
						</line>
						<line number="179" hits="0" branch="false"/>
						<line number="181" hits="0" branch="false"/>
						<line number="185" hits="0" branch="false"/>
						<line number="189" hits="0" branch="false"/>
						<line number="193" hits="0" branch="false"/>
						<line number="197" hits="0" branch="false"/>
						<line number="198" hits="0" branch="true" condition-coverage="0% (0/2)">
							<conditions>
								<condition number="0" type="jump" coverage="0%"/>
							</conditions>
						</line>
						<line number="199" hits="0" branch="false"/>
						<line number="201" hits="0" branch="false"/>
						<line number="202" hits="0" branch="false"/>
						<line number="203" hits="0" branch="false"/>
						<line number="207" hits="0" branch="false"/>
						<line number="208" hits="0" branch="false"/>
						<line number="209" hits="0" branch="false"/>
						<line number="213" hits="0" branch="false"/>
						<line number="215" hits="0" branch="false"/>
						<line number="216" hits="0" branch="false"/>
						<line number="217" hits="0" branch="true" condition-coverage="0% (0/2)">
							<conditions>
								<condition number="0" type="jump" coverage="0%"/>
							</conditions>
						</line>
						<line number="218" hits="0" branch="false"/>
						<line number="225" hits="0" branch="false"/>
						<line number="226" hits="0" branch="false"/>
						<line number="227" hits="0" branch="false"/>
						<line number="228" hits="0" branch="false"/>
						<line number="229" hits="0" branch="false"/>
						<line number="230" hits="0" branch="false"/>
						<line number="233" hits="0" branch="false"/>
						<line number="234" hits="0" branch="false"/>
						<line number="237" hits="0" branch="false"/>
						<line number="238" hits="0" branch="true" condition-coverage="0% (0/2)">
							<conditions>
								<condition number="0" type="jump" coverage="0%"/>
							</conditions>
						</line>
						<line number="239" hits="0" branch="false"/>
						<line number="241" hits="0" branch="false"/>
						<line number="242" hits="0" branch="false"/>
						<line number="247" hits="0" branch="false"/>
						<line number="250" hits="0" branch="false"/>
						<line number="252" hits="0" branch="false"/>
						<line number="255" hits="0" branch="false"/>
						<line number="256" hits="0" branch="false"/>
						<line number="257" hits="0" branch="false"/>
						<line number="260" hits="0" branch="false"/>
						<line number="261" hits="0" branch="false"/>
						<line number="264" hits="0" branch="false"/>
						<line number="265" hits="0" branch="false"/>
						<line number="266" hits="0" branch="false"/>
						<line number="269" hits="0" branch="true" condition-coverage="0% (0/2)">
							<conditions>
								<condition number="0" type="jump" coverage="0%"/>
							</conditions>
						</line>
						<line number="270" hits="0" branch="false"/>
						<line number="273" hits="0" branch="false"/>
						<line number="275" hits="0" branch="false"/>
						<line number="277" hits="0" branch="false"/>
						<line number="279" hits="0" branch="true" condition-coverage="0% (0/2)">
							<conditions>
								<condition number="0" type="jump" coverage="0%"/>
							</conditions>
						</line>
						<line number="280" hits="0" branch="false"/>
						<line number="282" hits="0" branch="true" condition-coverage="0% (0/2)">
							<conditions>
								<condition number="0" type="jump" coverage="0%"/>
							</conditions>
						</line>
						<line number="283" hits="0" branch="false"/>
						<line number="285" hits="0" branch="false"/>
						<line number="286" hits="0" branch="false"/>
						<line number="289" hits="0" branch="false"/>
						<line number="291" hits="0" branch="false"/>
						<line number="292" hits="0" branch="false"/>
						<line number="297" hits="0" branch="false"/>
						<line number="298" hits="0" branch="false"/>
						<line number="302" hits="0" branch="true" condition-coverage="0% (0/2)">
							<conditions>
								<condition number="0" type="jump" coverage="0%"/>
							</conditions>
						</line>
						<line number="303" hits="0" branch="true" condition-coverage="0% (0/2)">
							<conditions>
								<condition number="0" type="jump" coverage="0%"/>
							</conditions>
						</line>
						<line number="304" hits="0" branch="false"/>
						<line number="310" hits="0" branch="false"/>
						<line number="312" hits="0" branch="false"/>
						<line number="318" hits="0" branch="false"/>
						<line number="319" hits="0" branch="false"/>
						<line number="320" hits="0" branch="false"/>
						<line number="323" hits="0" branch="false"/>
						<line number="336" hits="0" branch="true" condition-coverage="0% (0/2)">
							<conditions>
								<condition number="0" type="jump" coverage="0%"/>
							</conditions>
						</line>
						<line number="338" hits="0" branch="false"/>
						<line number="340" hits="0" branch="false"/>
						<line number="341" hits="0" branch="false"/>
						<line number="343" hits="0" branch="true" condition-coverage="0% (0/2)">
							<conditions>
								<condition number="0" type="jump" coverage="0%"/>
							</conditions>
						</line>
						<line number="345" hits="0" branch="false"/>
						<line number="352" hits="0" branch="false"/>
						<line number="355" hits="0" branch="false"/>
						<line number="359" hits="0" branch="false"/>
						<line number="360" hits="0" branch="false"/>
						<line number="361" hits="0" branch="true" condition-coverage="0% (0/4)">
							<conditions>
								<condition number="0" type="jump" coverage="0%"/>
								<condition number="1" type="jump" coverage="0%"/>
							</conditions>
						</line>
						<line number="362" hits="0" branch="false"/>
						<line number="364" hits="0" branch="false"/>
						<line number="365" hits="0" branch="false"/>
						<line number="366" hits="0" branch="false"/>
						<line number="368" hits="0" branch="true" condition-coverage="0% (0/2)">
							<conditions>
								<condition number="0" type="jump" coverage="0%"/>
							</conditions>
						</line>
						<line number="370" hits="0" branch="false"/>
						<line number="377" hits="0" branch="false"/>
						<line number="379" hits="0" branch="false"/>
						<line number="380" hits="0" branch="false"/>
						<line number="382" hits="0" branch="false"/>
						<line number="383" hits="0" branch="false"/>
						<line number="385" hits="0" branch="true" condition-coverage="0% (0/2)">
							<conditions>
								<condition number="0" type="jump" coverage="0%"/>
							</conditions>
						</line>
						<line number="386" hits="0" branch="false"/>
						<line number="387" hits="0" branch="false"/>
						<line number="388" hits="0" branch="false"/>
						<line number="389" hits="0" branch="false"/>
						<line number="392" hits="0" branch="false"/>
						<line number="393" hits="0" branch="false"/>
						<line number="394" hits="0" branch="false"/>
						<line number="395" hits="0" branch="false"/>
						<line number="399" hits="0" branch="false"/>
						<line number="402" hits="0" branch="false"/>
						<line number="405" hits="0" branch="false"/>
						<line number="406" hits="0" branch="false"/>
						<line number="411" hits="0" branch="false"/>
						<line number="412" hits="0" branch="false"/>
						<line number="417" hits="0" branch="false"/>
						<line number="421" hits="0" branch="true" condition-coverage="0% (0/2)">
							<conditions>
								<condition number="0" type="jump" coverage="0%"/>
							</conditions>
						</line>
						<line number="422" hits="0" branch="false"/>
						<line number="423" hits="0" branch="false"/>
						<line number="424" hits="0" branch="false"/>
						<line number="427" hits="0" branch="false"/>
						<line number="431" hits="0" branch="false"/>
						<line number="432" hits="0" branch="false"/>
						<line number="440" hits="0" branch="false"/>
						<line number="441" hits="0" branch="false"/>
						<line number="447" hits="0" branch="false"/>
						<line number="450" hits="0" branch="false"/>
						<line number="451" hits="0" branch="false"/>
						<line number="456" hits="0" branch="false"/>
						<line number="457" hits="0" branch="false"/>
						<line number="458" hits="0" branch="false"/>
						<line number="461" hits="0" branch="true" condition-coverage="0% (0/2)">
							<conditions>
								<condition number="0" type="jump" coverage="0%"/>
							</conditions>
						</line>
						<line number="462" hits="0" branch="false"/>
						<line number="469" hits="0" branch="true" condition-coverage="0% (0/2)">
							<conditions>
								<condition number="0" type="jump" coverage="0%"/>
							</conditions>
						</line>
						<line number="470" hits="0" branch="false"/>
						<line number="471" hits="0" branch="false"/>
						<line number="472" hits="0" branch="false"/>
						<line number="474" hits="0" branch="false"/>
						<line number="475" hits="0" branch="false"/>
						<line number="480" hits="0" branch="false"/>
						<line number="481" hits="0" branch="false"/>
						<line number="483" hits="0" branch="false"/>
						<line number="489" hits="0" branch="true" condition-coverage="0% (0/2)">
							<conditions>
								<condition number="0" type="jump" coverage="0%"/>
							</conditions>
						</line>
						<line number="491" hits="0" branch="true" condition-coverage="0% (0/2)">
							<conditions>
								<condition number="0" type="jump" coverage="0%"/>
							</conditions>
						</line>
						<line number="492" hits="0" branch="false"/>
						<line number="493" hits="0" branch="false"/>
						<line number="495" hits="0" branch="false"/>
						<line number="496" hits="0" branch="false"/>
						<line number="497" hits="0" branch="false"/>
						<line number="498" hits="0" branch="false"/>
						<line number="502" hits="0" branch="true" condition-coverage="0% (0/2)">
							<conditions>
								<condition number="0" type="jump" coverage="0%"/>
							</conditions>
						</line>
						<line number="510" hits="0" branch="false"/>
						<line number="511" hits="0" branch="false"/>
						<line number="512" hits="0" branch="false"/>
						<line number="519" hits="0" branch="false"/>
						<line number="526" hits="0" branch="false"/>
						<line number="529" hits="0" branch="false"/>
						<line number="530" hits="0" branch="false"/>
						<line number="531" hits="0" branch="false"/>
						<line number="533" hits="0" branch="false"/>
						<line number="534" hits="0" branch="false"/>
						<line number="536" hits="0" branch="false"/>
						<line number="537" hits="0" branch="false"/>
						<line number="538" hits="0" branch="false"/>
						<line number="539" hits="0" branch="false"/>
						<line number="541" hits="0" branch="false"/>
						<line number="544" hits="0" branch="false"/>
						<line number="547" hits="0" branch="false"/>
						<line number="548" hits="0" branch="false"/>
						<line number="549" hits="0" branch="false"/>
						<line number="550" hits="0" branch="false"/>
						<line number="551" hits="0" branch="false"/>
						<line number="552" hits="0" branch="false"/>
						<line number="553" hits="0" branch="false"/>
						<line number="556" hits="0" branch="true" condition-coverage="0% (0/2)">
							<conditions>
								<condition number="0" type="jump" coverage="0%"/>
							</conditions>
						</line>
						<line number="557" hits="0" branch="false"/>
						<line number="559" hits="0" branch="false"/>
						<line number="561" hits="0" branch="false"/>
						<line number="562" hits="0" branch="false"/>
						<line number="563" hits="0" branch="false"/>
						<line number="565" hits="0" branch="false"/>
						<line number="569" hits="0" branch="false"/>
						<line number="570" hits="0" branch="false"/>
						<line number="571" hits="0" branch="false"/>
						<line number="576" hits="0" branch="false"/>
						<line number="577" hits="0" branch="false"/>
						<line number="578" hits="0" branch="false"/>
						<line number="579" hits="0" branch="false"/>
						<line number="581" hits="0" branch="false"/>
						<line number="582" hits="0" branch="false"/>
						<line number="583" hits="0" branch="true" condition-coverage="0% (0/2)">
							<conditions>
								<condition number="0" type="jump" coverage="0%"/>
							</conditions>
						</line>
						<line number="584" hits="0" branch="false"/>
						<line number="585" hits="0" branch="false"/>
						<line number="588" hits="0" branch="false"/>
						<line number="589" hits="0" branch="false"/>
						<line number="592" hits="0" branch="false"/>
						<line number="593" hits="0" branch="false"/>
						<line number="595" hits="0" branch="false"/>
						<line number="598" hits="0" branch="true" condition-coverage="0% (0/2)">
							<conditions>
								<condition number="0" type="jump" coverage="0%"/>
							</conditions>
						</line>
						<line number="599" hits="0" branch="false"/>
						<line number="600" hits="0" branch="false"/>
						<line number="601" hits="0" branch="false"/>
						<line number="602" hits="0" branch="false"/>
						<line number="608" hits="0" branch="false"/>
						<line number="610" hits="0" branch="false"/>
						<line number="613" hits="0" branch="false"/>
						<line number="614" hits="0" branch="true" condition-coverage="0% (0/2)">
							<conditions>
								<condition number="0" type="jump" coverage="0%"/>
							</conditions>
						</line>
						<line number="616" hits="0" branch="false"/>
						<line number="617" hits="0" branch="false"/>
						<line number="618" hits="0" branch="false"/>
						<line number="621" hits="0" branch="false"/>
						<line number="622" hits="0" branch="false"/>
						<line number="627" hits="0" branch="false"/>
						<line number="628" hits="0" branch="false"/>
						<line number="629" hits="0" branch="false"/>
						<line number="630" hits="0" branch="false"/>
						<line number="635" hits="0" branch="false"/>
						<line number="636" hits="0" branch="false"/>
						<line number="637" hits="0" branch="false"/>
						<line number="639" hits="0" branch="false"/>
						<line number="644" hits="0" branch="false"/>
						<line number="646" hits="0" branch="true" condition-coverage="0% (0/2)">
							<conditions>
								<condition number="0" type="jump" coverage="0%"/>
							</conditions>
						</line>
						<line number="647" hits="0" branch="false"/>
						<line number="648" hits="0" branch="false"/>
						<line number="649" hits="0" branch="false"/>
						<line number="650" hits="0" branch="false"/>
						<line number="651" hits="0" branch="false"/>
						<line number="652" hits="0" branch="false"/>
						<line number="656" hits="0" branch="false"/>
						<line number="657" hits="0" branch="false"/>
						<line number="658" hits="0" branch="false"/>
						<line number="659" hits="0" branch="false"/>
						<line number="673" hits="0" branch="false"/>
						<line number="677" hits="0" branch="false"/>
						<line number="678" hits="0" branch="false"/>
						<line number="679" hits="0" branch="false"/>
						<line number="680" hits="0" branch="false"/>
						<line number="681" hits="0" branch="false"/>
						<line number="682" hits="0" branch="false"/>
						<line number="683" hits="0" branch="false"/>
						<line number="684" hits="0" branch="false"/>
						<line number="686" hits="0" branch="false"/>
						<line number="687" hits="0" branch="false"/>
						<line number="688" hits="0" branch="false"/>
						<line number="689" hits="0" branch="false"/>
						<line number="690" hits="0" branch="false"/>
						<line number="691" hits="0" branch="false"/>
						<line number="692" hits="0" branch="false"/>
						<line number="693" hits="0" branch="false"/>
						<line number="694" hits="0" branch="false"/>
						<line number="696" hits="0" branch="false"/>
						<line number="697" hits="0" branch="false"/>
						<line number="698" hits="0" branch="false"/>
						<line number="699" hits="0" branch="false"/>
						<line number="700" hits="0" branch="false"/>
						<line number="701" hits="0" branch="false"/>
						<line number="706" hits="0" branch="false"/>
						<line number="707" hits="0" branch="true" condition-coverage="0% (0/2)">
							<conditions>
								<condition number="0" type="jump" coverage="0%"/>
							</conditions>
						</line>
						<line number="708" hits="0" branch="false"/>
						<line number="711" hits="0" branch="false"/>
						<line number="713" hits="0" branch="false"/>
						<line number="725" hits="0" branch="false"/>
						<line number="729" hits="0" branch="false"/>
						<line number="730" hits="0" branch="false"/>
						<line number="732" hits="0" branch="false"/>
						<line number="733" hits="0" branch="false"/>
						<line number="736" hits="0" branch="false"/>
						<line number="738" hits="0" branch="false"/>
						<line number="739" hits="0" branch="false"/>
						<line number="740" hits="0" branch="false"/>
						<line number="741" hits="0" branch="false"/>
						<line number="743" hits="0" branch="false"/>
						<line number="747" hits="0" branch="false"/>
						<line number="749" hits="0" branch="true" condition-coverage="0% (0/4)">
							<conditions>
								<condition number="0" type="jump" coverage="0%"/>
								<condition number="1" type="jump" coverage="0%"/>
							</conditions>
						</line>
						<line number="750" hits="0" branch="false"/>
						<line number="760" hits="0" branch="false"/>
						<line number="761" hits="0" branch="false"/>
						<line number="765" hits="0" branch="true" condition-coverage="0% (0/4)">
							<conditions>
								<condition number="0" type="jump" coverage="0%"/>
								<condition number="1" type="jump" coverage="0%"/>
							</conditions>
						</line>
						<line number="766" hits="0" branch="false"/>
						<line number="777" hits="0" branch="false"/>
						<line number="780" hits="0" branch="false"/>
						<line number="781" hits="0" branch="false"/>
						<line number="782" hits="0" branch="true" condition-coverage="0% (0/2)">
							<conditions>
								<condition number="0" type="jump" coverage="0%"/>
							</conditions>
						</line>
						<line number="783" hits="0" branch="false"/>
						<line number="785" hits="0" branch="false"/>
						<line number="789" hits="0" branch="false"/>
						<line number="793" hits="0" branch="false"/>
						<line number="794" hits="0" branch="false"/>
						<line number="796" hits="0" branch="true" condition-coverage="0% (0/2)">
							<conditions>
								<condition number="0" type="jump" coverage="0%"/>
							</conditions>
						</line>
						<line number="797" hits="0" branch="false"/>
						<line number="803" hits="0" branch="false"/>
						<line number="805" hits="0" branch="false"/>
						<line number="807" hits="0" branch="false"/>
						<line number="809" hits="0" branch="false"/>
						<line number="811" hits="0" branch="false"/>
						<line number="812" hits="0" branch="false"/>
						<line number="814" hits="0" branch="false"/>
						<line number="815" hits="0" branch="false"/>
						<line number="816" hits="0" branch="false"/>
						<line number="818" hits="0" branch="false"/>
						<line number="819" hits="0" branch="false"/>
						<line number="820" hits="0" branch="false"/>
						<line number="822" hits="0" branch="false"/>
						<line number="835" hits="0" branch="false"/>
						<line number="836" hits="0" branch="false"/>
						<line number="837" hits="0" branch="false"/>
						<line number="838" hits="0" branch="false"/>
						<line number="839" hits="0" branch="false"/>
						<line number="841" hits="0" branch="true" condition-coverage="0% (0/2)">
							<conditions>
								<condition number="0" type="jump" coverage="0%"/>
							</conditions>
						</line>
						<line number="842" hits="0" branch="false"/>
						<line number="843" hits="0" branch="false"/>
						<line number="845" hits="0" branch="false"/>
						<line number="846" hits="0" branch="false"/>
						<line number="850" hits="0" branch="true" condition-coverage="0% (0/2)">
							<conditions>
								<condition number="0" type="jump" coverage="0%"/>
							</conditions>
						</line>
						<line number="851" hits="0" branch="false"/>
						<line number="853" hits="0" branch="false"/>
						<line number="854" hits="0" branch="false"/>
						<line number="856" hits="0" branch="true" condition-coverage="0% (0/6)">
							<conditions>
								<condition number="0" type="jump" coverage="0%"/>
								<condition number="1" type="jump" coverage="0%"/>
								<condition number="2" type="jump" coverage="0%"/>
							</conditions>
						</line>
						<line number="858" hits="0" branch="false"/>
						<line number="861" hits="0" branch="false"/>
						<line number="864" hits="0" branch="false"/>
						<line number="865" hits="0" branch="false"/>
						<line number="867" hits="0" branch="false"/>
						<line number="868" hits="0" branch="false"/>
						<line number="869" hits="0" branch="false"/>
						<line number="871" hits="0" branch="false"/>
						<line number="872" hits="0" branch="true" condition-coverage="0% (0/2)">
							<conditions>
								<condition number="0" type="jump" coverage="0%"/>
							</conditions>
						</line>
						<line number="873" hits="0" branch="false"/>
						<line number="875" hits="0" branch="false"/>
						<line number="876" hits="0" branch="false"/>
						<line number="879" hits="0" branch="false"/>
						<line number="880" hits="0" branch="false"/>
						<line number="881" hits="0" branch="false"/>
						<line number="883" hits="0" branch="false"/>
						<line number="884" hits="0" branch="false"/>
						<line number="890" hits="0" branch="false"/>
						<line number="891" hits="0" branch="false"/>
						<line number="894" hits="0" branch="false"/>
						<line number="897" hits="0" branch="true" condition-coverage="0% (0/2)">
							<conditions>
								<condition number="0" type="jump" coverage="0%"/>
							</conditions>
						</line>
						<line number="898" hits="0" branch="false"/>
						<line number="902" hits="0" branch="false"/>
						<line number="904" hits="0" branch="false"/>
						<line number="907" hits="0" branch="false"/>
						<line number="908" hits="0" branch="false"/>
						<line number="909" hits="0" branch="false"/>
						<line number="910" hits="0" branch="false"/>
						<line number="911" hits="0" branch="true" condition-coverage="0% (0/2)">
							<conditions>
								<condition number="0" type="jump" coverage="0%"/>
							</conditions>
						</line>
						<line number="912" hits="0" branch="false"/>
						<line number="914" hits="0" branch="true" condition-coverage="0% (0/2)">
							<conditions>
								<condition number="0" type="jump" coverage="0%"/>
							</conditions>
						</line>
						<line number="915" hits="0" branch="false"/>
						<line number="916" hits="0" branch="false"/>
						<line number="925" hits="0" branch="false"/>
						<line number="926" hits="0" branch="false"/>
						<line number="927" hits="0" branch="false"/>
						<line number="931" hits="0" branch="false"/>
						<line number="938" hits="0" branch="false"/>
						<line number="939" hits="0" branch="false"/>
						<line number="941" hits="0" branch="false"/>
						<line number="944" hits="0" branch="false"/>
						<line number="945" hits="0" branch="false"/>
						<line number="947" hits="0" branch="true" condition-coverage="0% (0/2)">
							<conditions>
								<condition number="0" type="jump" coverage="0%"/>
							</conditions>
						</line>
						<line number="948" hits="0" branch="false"/>
						<line number="956" hits="0" branch="false"/>
						<line number="957" hits="0" branch="false"/>
						<line number="958" hits="0" branch="true" condition-coverage="0% (0/2)">
							<conditions>
								<condition number="0" type="jump" coverage="0%"/>
							</conditions>
						</line>
						<line number="959" hits="0" branch="false"/>
						<line number="968" hits="0" branch="false"/>
						<line number="974" hits="0" branch="false"/>
						<line number="975" hits="0" branch="false"/>
						<line number="982" hits="0" branch="false"/>
						<line number="983" hits="0" branch="false"/>
						<line number="984" hits="0" branch="false"/>
						<line number="987" hits="0" branch="false"/>
						<line number="988" hits="0" branch="false"/>
						<line number="989" hits="0" branch="false"/>
						<line number="990" hits="0" branch="false"/>
						<line number="991" hits="0" branch="false"/>
						<line number="992" hits="0" branch="false"/>
						<line number="993" hits="0" branch="false"/>
						<line number="994" hits="0" branch="false"/>
						<line number="995" hits="0" branch="false"/>
						<line number="996" hits="0" branch="false"/>
						<line number="998" hits="0" branch="false"/>
						<line number="999" hits="0" branch="false"/>
						<line number="1000" hits="0" branch="false"/>
						<line number="1001" hits="0" branch="false"/>
						<line number="1002" hits="0" branch="false"/>
						<line number="1003" hits="0" branch="false"/>
						<line number="1004" hits="0" branch="false"/>
						<line number="1005" hits="0" branch="false"/>
						<line number="1006" hits="0" branch="false"/>
[...]
								<line number="722" hits="0" branch="false"/>
							</lines>
						</method>
					</methods>
					<lines>
						<line number="713" hits="0" branch="false"/>
						<line number="715" hits="0" branch="true" condition-coverage="0% (0/2)">
							<conditions>
								<condition number="0" type="jump" coverage="0%"/>
							</conditions>
						</line>
						<line number="716" hits="0" branch="false"/>
						<line number="718" hits="0" branch="true" condition-coverage="0% (0/2)">
							<conditions>
								<condition number="0" type="jump" coverage="0%"/>
							</conditions>
						</line>
						<line number="719" hits="0" branch="true" condition-coverage="0% (0/2)">
							<conditions>
								<condition number="0" type="jump" coverage="0%"/>
							</conditions>
						</line>
						<line number="720" hits="0" branch="false"/>
						<line number="722" hits="0" branch="false"/>
					</lines>
				</class>
			</classes>
		</package>
		<package name="org.universAAL.middleware.managers.space.util" line-rate="0.0" branch-rate="0.0" complexity="4.0">
			<classes>
				<class name="org.universAAL.middleware.managers.space.util.CheckPeerThread" filename="org/universAAL/middleware/managers/space/util/CheckPeerThread.java" line-rate="0.0" branch-rate="0.0" complexity="6.0">
					<methods>
						<method name="&lt;init&gt;" signature="(Lorg/universAAL/middleware/container/ModuleContext;)V" line-rate="0.0" branch-rate="1.0" complexity="0">
							<lines>
								<line number="46" hits="0" branch="false"/>
								<line number="47" hits="0" branch="false"/>
								<line number="48" hits="0" branch="false"/>
							</lines>
						</method>
						<method name="run" signature="()V" line-rate="0.0" branch-rate="0.0" complexity="0">
							<lines>
								<line number="51" hits="0" branch="false"/>
								<line number="52" hits="0" branch="false"/>
								<line number="53" hits="0" branch="false"/>
								<line number="54" hits="0" branch="false"/>
								<line number="55" hits="0" branch="false"/>
								<line number="56" hits="0" branch="false"/>
								<line number="58" hits="0" branch="true" condition-coverage="0% (0/6)">
									<conditions>
										<condition number="0" type="jump" coverage="0%"/>
										<condition number="1" type="jump" coverage="0%"/>
										<condition number="2" type="jump" coverage="0%"/>
									</conditions>
								</line>
								<line number="60" hits="0" branch="false"/>
								<line number="61" hits="0" branch="false"/>
								<line number="62" hits="0" branch="false"/>
								<line number="65" hits="0" branch="true" condition-coverage="0% (0/2)">
									<conditions>
										<condition number="0" type="jump" coverage="0%"/>
									</conditions>
								</line>
								<line number="67" hits="0" branch="false"/>
								<line number="70" hits="0" branch="false"/>
								<line number="71" hits="0" branch="true" condition-coverage="0% (0/2)">
									<conditions>
										<condition number="0" type="jump" coverage="0%"/>
									</conditions>
								</line>
								<line number="72" hits="0" branch="true" condition-coverage="0% (0/2)">
									<conditions>
										<condition number="0" type="jump" coverage="0%"/>
									</conditions>
								</line>
								<line number="73" hits="0" branch="false"/>
								<line number="75" hits="0" branch="false"/>
								<line number="77" hits="0" branch="true" condition-coverage="0% (0/2)">
									<conditions>
										<condition number="0" type="jump" coverage="0%"/>
									</conditions>
								</line>
								<line number="78" hits="0" branch="true" condition-coverage="0% (0/2)">
									<conditions>
										<condition number="0" type="jump" coverage="0%"/>
									</conditions>
								</line>
								<line number="82" hits="0" branch="false"/>
								<line number="83" hits="0" branch="true" condition-coverage="0% (0/2)">
									<conditions>
										<condition number="0" type="jump" coverage="0%"/>
									</conditions>
								</line>
								<line number="85" hits="0" branch="false"/>
								<line number="87" hits="0" branch="false"/>
								<line number="89" hits="0" branch="false"/>
								<line number="91" hits="0" branch="false"/>
								<line number="92" hits="0" branch="false"/>
								<line number="93" hits="0" branch="false"/>
								<line number="94" hits="0" branch="false"/>
								<line number="96" hits="0" branch="false"/>
								<line number="100" hits="0" branch="false"/>
							</lines>
						</method>
					</methods>
					<lines>
						<line number="46" hits="0" branch="false"/>
						<line number="47" hits="0" branch="false"/>
						<line number="48" hits="0" branch="false"/>
						<line number="51" hits="0" branch="false"/>
						<line number="52" hits="0" branch="false"/>
						<line number="53" hits="0" branch="false"/>
						<line number="54" hits="0" branch="false"/>
						<line number="55" hits="0" branch="false"/>
						<line number="56" hits="0" branch="false"/>
						<line number="58" hits="0" branch="true" condition-coverage="0% (0/6)">
							<conditions>
								<condition number="0" type="jump" coverage="0%"/>
								<condition number="1" type="jump" coverage="0%"/>
								<condition number="2" type="jump" coverage="0%"/>
							</conditions>
						</line>
						<line number="60" hits="0" branch="false"/>
						<line number="61" hits="0" branch="false"/>
						<line number="62" hits="0" branch="false"/>
						<line number="65" hits="0" branch="true" condition-coverage="0% (0/2)">
							<conditions>
								<condition number="0" type="jump" coverage="0%"/>
							</conditions>
						</line>
						<line number="67" hits="0" branch="false"/>
						<line number="70" hits="0" branch="false"/>
						<line number="71" hits="0" branch="true" condition-coverage="0% (0/2)">
							<conditions>
								<condition number="0" type="jump" coverage="0%"/>
							</conditions>
						</line>
						<line number="72" hits="0" branch="true" condition-coverage="0% (0/2)">
							<conditions>
								<condition number="0" type="jump" coverage="0%"/>
							</conditions>
						</line>
						<line number="73" hits="0" branch="false"/>
						<line number="75" hits="0" branch="false"/>
						<line number="77" hits="0" branch="true" condition-coverage="0% (0/2)">
							<conditions>
								<condition number="0" type="jump" coverage="0%"/>
							</conditions>
						</line>
						<line number="78" hits="0" branch="true" condition-coverage="0% (0/2)">
							<conditions>
								<condition number="0" type="jump" coverage="0%"/>
							</conditions>
						</line>
						<line number="82" hits="0" branch="false"/>
						<line number="83" hits="0" branch="true" condition-coverage="0% (0/2)">
							<conditions>
								<condition number="0" type="jump" coverage="0%"/>
							</conditions>
						</line>
						<line number="85" hits="0" branch="false"/>
						<line number="87" hits="0" branch="false"/>
						<line number="89" hits="0" branch="false"/>
						<line number="91" hits="0" branch="false"/>
						<line number="92" hits="0" branch="false"/>
						<line number="93" hits="0" branch="false"/>
						<line number="94" hits="0" branch="false"/>
						<line number="96" hits="0" branch="false"/>
						<line number="100" hits="0" branch="false"/>
					</lines>
				</class>
				<class name="org.universAAL.middleware.managers.space.util.Consts" filename="org/universAAL/middleware/managers/space/util/Consts.java" line-rate="0.0" branch-rate="1.0" complexity="0.0">
					<methods>
						<method name="&lt;init&gt;" signature="()V" line-rate="0.0" branch-rate="1.0" complexity="0">
							<lines>
								<line number="29" hits="0" branch="false"/>
							</lines>
						</method>
					</methods>
					<lines>
						<line number="29" hits="0" branch="false"/>
					</lines>
				</class>
				<class name="org.universAAL.middleware.managers.space.util.Joiner" filename="org/universAAL/middleware/managers/space/util/Joiner.java" line-rate="0.0" branch-rate="0.0" complexity="5.333333333333333">
					<methods>
						<method name="&lt;init&gt;" signature="(Lorg/universAAL/middleware/managers/space/SpaceManagerImpl;Lorg/universAAL/middleware/container/ModuleContext;)V" line-rate="0.0" branch-rate="1.0" complexity="0">
							<lines>
								<line number="40" hits="0" branch="false"/>
								<line number="43" hits="0" branch="false"/>
								<line number="44" hits="0" branch="false"/>
								<line number="45" hits="0" branch="false"/>
								<line number="46" hits="0" branch="false"/>
							</lines>
						</method>
						<method name="run" signature="()V" line-rate="0.0" branch-rate="0.0" complexity="0">
							<lines>
								<line number="54" hits="0" branch="true" condition-coverage="0% (0/2)">
									<conditions>
										<condition number="0" type="jump" coverage="0%"/>
									</conditions>
								</line>
								<line number="57" hits="0" branch="true" condition-coverage="0% (0/2)">
									<conditions>
										<condition number="0" type="jump" coverage="0%"/>
									</conditions>
								</line>
								<line number="59" hits="0" branch="false"/>
								<line number="61" hits="0" branch="false"/>
								<line number="62" hits="0" branch="true" condition-coverage="0% (0/2)">
									<conditions>
										<condition number="0" type="jump" coverage="0%"/>
									</conditions>
								</line>
								<line number="63" hits="0" branch="false"/>
								<line number="70" hits="0" branch="true" condition-coverage="0% (0/2)">
									<conditions>
										<condition number="0" type="jump" coverage="0%"/>
									</conditions>
								</line>
								<line number="71" hits="0" branch="true" condition-coverage="0% (0/2)">
									<conditions>
										<condition number="0" type="jump" coverage="0%"/>
									</conditions>
								</line>
								<line number="72" hits="0" branch="true" condition-coverage="0% (0/2)">
									<conditions>
										<condition number="0" type="jump" coverage="0%"/>
									</conditions>
								</line>
								<line number="73" hits="0" branch="true" condition-coverage="0% (0/2)">
									<conditions>
										<condition number="0" type="jump" coverage="0%"/>
									</conditions>
								</line>
								<line number="74" hits="0" branch="false"/>
								<line number="76" hits="0" branch="false"/>
								<line number="77" hits="0" branch="false"/>
								<line number="89" hits="0" branch="false"/>
								<line number="91" hits="0" branch="false"/>
								<line number="92" hits="0" branch="false"/>
								<line number="93" hits="0" branch="false"/>
								<line number="94" hits="0" branch="false"/>
								<line number="95" hits="0" branch="false"/>
								<line number="98" hits="0" branch="true" condition-coverage="0% (0/2)">
									<conditions>
										<condition number="0" type="jump" coverage="0%"/>
									</conditions>
								</line>
								<line number="99" hits="0" branch="false"/>
								<line number="103" hits="0" branch="false"/>
								<line number="108" hits="0" branch="true" condition-coverage="0% (0/4)">
									<conditions>
										<condition number="0" type="jump" coverage="0%"/>
										<condition number="1" type="jump" coverage="0%"/>
									</conditions>
								</line>
								<line number="109" hits="0" branch="false"/>
								<line number="116" hits="0" branch="true" condition-coverage="0% (0/4)">
									<conditions>
										<condition number="0" type="jump" coverage="0%"/>
										<condition number="1" type="jump" coverage="0%"/>
									</conditions>
								</line>
								<line number="117" hits="0" branch="false"/>
								<line number="120" hits="0" branch="false"/>
							</lines>
						</method>
						<method name="setStop" signature="()V" line-rate="0.0" branch-rate="1.0" complexity="0">
							<lines>
								<line number="49" hits="0" branch="false"/>
								<line number="50" hits="0" branch="false"/>
							</lines>
						</method>
					</methods>
					<lines>
						<line number="40" hits="0" branch="false"/>
						<line number="43" hits="0" branch="false"/>
						<line number="44" hits="0" branch="false"/>
						<line number="45" hits="0" branch="false"/>
						<line number="46" hits="0" branch="false"/>
						<line number="49" hits="0" branch="false"/>
						<line number="50" hits="0" branch="false"/>
						<line number="54" hits="0" branch="true" condition-coverage="0% (0/2)">
							<conditions>
								<condition number="0" type="jump" coverage="0%"/>
							</conditions>
						</line>
						<line number="57" hits="0" branch="true" condition-coverage="0% (0/2)">
							<conditions>
								<condition number="0" type="jump" coverage="0%"/>
							</conditions>
						</line>
						<line number="59" hits="0" branch="false"/>
						<line number="61" hits="0" branch="false"/>
						<line number="62" hits="0" branch="true" condition-coverage="0% (0/2)">
							<conditions>
								<condition number="0" type="jump" coverage="0%"/>
							</conditions>
						</line>
						<line number="63" hits="0" branch="false"/>
						<line number="70" hits="0" branch="true" condition-coverage="0% (0/2)">
							<conditions>
								<condition number="0" type="jump" coverage="0%"/>
							</conditions>
						</line>
						<line number="71" hits="0" branch="true" condition-coverage="0% (0/2)">
							<conditions>
								<condition number="0" type="jump" coverage="0%"/>
							</conditions>
						</line>
						<line number="72" hits="0" branch="true" condition-coverage="0% (0/2)">
							<conditions>
								<condition number="0" type="jump" coverage="0%"/>
							</conditions>
						</line>
						<line number="73" hits="0" branch="true" condition-coverage="0% (0/2)">
							<conditions>
								<condition number="0" type="jump" coverage="0%"/>
							</conditions>
						</line>
						<line number="74" hits="0" branch="false"/>
						<line number="76" hits="0" branch="false"/>
						<line number="77" hits="0" branch="false"/>
						<line number="89" hits="0" branch="false"/>
						<line number="91" hits="0" branch="false"/>
						<line number="92" hits="0" branch="false"/>
						<line number="93" hits="0" branch="false"/>
						<line number="94" hits="0" branch="false"/>
						<line number="95" hits="0" branch="false"/>
						<line number="98" hits="0" branch="true" condition-coverage="0% (0/2)">
							<conditions>
								<condition number="0" type="jump" coverage="0%"/>
							</conditions>
						</line>
						<line number="99" hits="0" branch="false"/>
						<line number="103" hits="0" branch="false"/>
						<line number="108" hits="0" branch="true" condition-coverage="0% (0/4)">
							<conditions>
								<condition number="0" type="jump" coverage="0%"/>
								<condition number="1" type="jump" coverage="0%"/>
							</conditions>
						</line>
						<line number="109" hits="0" branch="false"/>
						<line number="116" hits="0" branch="true" condition-coverage="0% (0/4)">
							<conditions>
								<condition number="0" type="jump" coverage="0%"/>
								<condition number="1" type="jump" coverage="0%"/>
							</conditions>
						</line>
						<line number="117" hits="0" branch="false"/>
						<line number="120" hits="0" branch="false"/>
					</lines>
				</class>
				<class name="org.universAAL.middleware.managers.space.util.RefreshSpaceThread" filename="org/universAAL/middleware/managers/space/util/RefreshSpaceThread.java" line-rate="0.0" branch-rate="0.0" complexity="3.0">
					<methods>
						<method name="&lt;init&gt;" signature="(Lorg/universAAL/middleware/container/ModuleContext;)V" line-rate="0.0" branch-rate="1.0" complexity="0">
							<lines>
								<line number="39" hits="0" branch="false"/>
								<line number="40" hits="0" branch="false"/>
								<line number="41" hits="0" branch="false"/>
							</lines>
						</method>
						<method name="run" signature="()V" line-rate="0.0" branch-rate="0.0" complexity="0">
							<lines>
								<line number="44" hits="0" branch="false"/>
								<line number="45" hits="0" branch="false"/>
								<line number="46" hits="0" branch="false"/>
								<line number="47" hits="0" branch="false"/>
								<line number="48" hits="0" branch="true" condition-coverage="0% (0/4)">
									<conditions>
										<condition number="0" type="jump" coverage="0%"/>
										<condition number="1" type="jump" coverage="0%"/>
									</conditions>
								</line>
								<line number="50" hits="0" branch="false"/>
								<line number="51" hits="0" branch="false"/>
								<line number="52" hits="0" branch="true" condition-coverage="0% (0/2)">
									<conditions>
										<condition number="0" type="jump" coverage="0%"/>
									</conditions>
								</line>
								<line number="53" hits="0" branch="false"/>
								<line number="54" hits="0" branch="false"/>
								<line number="55" hits="0" branch="false"/>
								<line number="57" hits="0" branch="false"/>
								<line number="61" hits="0" branch="false"/>
							</lines>
						</method>
					</methods>
					<lines>
						<line number="39" hits="0" branch="false"/>
						<line number="40" hits="0" branch="false"/>
						<line number="41" hits="0" branch="false"/>
						<line number="44" hits="0" branch="false"/>
						<line number="45" hits="0" branch="false"/>
						<line number="46" hits="0" branch="false"/>
						<line number="47" hits="0" branch="false"/>
						<line number="48" hits="0" branch="true" condition-coverage="0% (0/4)">
							<conditions>
								<condition number="0" type="jump" coverage="0%"/>
								<condition number="1" type="jump" coverage="0%"/>
							</conditions>
						</line>
						<line number="50" hits="0" branch="false"/>
						<line number="51" hits="0" branch="false"/>
						<line number="52" hits="0" branch="true" condition-coverage="0% (0/2)">
							<conditions>
								<condition number="0" type="jump" coverage="0%"/>
							</conditions>
						</line>
						<line number="53" hits="0" branch="false"/>
						<line number="54" hits="0" branch="false"/>
						<line number="55" hits="0" branch="false"/>
						<line number="57" hits="0" branch="false"/>
						<line number="61" hits="0" branch="false"/>
					</lines>
				</class>
				<class name="org.universAAL.middleware.managers.space.util.SpaceSchemaEventHandler" filename="org/universAAL/middleware/managers/space/util/SpaceSchemaEventHandler.java" line-rate="0.0" branch-rate="1.0" complexity="1.0">
					<methods>
						<method name="&lt;init&gt;" signature="(Lorg/universAAL/middleware/container/ModuleContext;)V" line-rate="0.0" branch-rate="1.0" complexity="0">
							<lines>
								<line number="39" hits="0" branch="false"/>
								<line number="40" hits="0" branch="false"/>
								<line number="41" hits="0" branch="false"/>
							</lines>
						</method>
						<method name="handleEvent" signature="(Ljavax/xml/bind/ValidationEvent;)Z" line-rate="0.0" branch-rate="1.0" complexity="0">
							<lines>
								<line number="46" hits="0" branch="false"/>
								<line number="49" hits="0" branch="false"/>
								<line number="50" hits="0" branch="false"/>
								<line number="51" hits="0" branch="false"/>
								<line number="52" hits="0" branch="false"/>
								<line number="53" hits="0" branch="false"/>
								<line number="55" hits="0" branch="false"/>
							</lines>
						</method>
					</methods>
					<lines>
						<line number="39" hits="0" branch="false"/>
						<line number="40" hits="0" branch="false"/>
						<line number="41" hits="0" branch="false"/>
						<line number="46" hits="0" branch="false"/>
						<line number="49" hits="0" branch="false"/>
						<line number="50" hits="0" branch="false"/>
						<line number="51" hits="0" branch="false"/>
						<line number="52" hits="0" branch="false"/>
						<line number="53" hits="0" branch="false"/>
						<line number="55" hits="0" branch="false"/>
					</lines>
				</class>
			</classes>
		</package>
	</packages>
</coverage>
