<?xml version="1.0"?>
<!DOCTYPE coverage SYSTEM "http://cobertura.sourceforge.net/xml/coverage-04.dtd">

<coverage line-rate="0.8392857142857143" branch-rate="0.6985915492957746" lines-covered="893" lines-valid="1064" branches-covered="496" branches-valid="710" complexity="6.947368421052632" version="2.1.1" timestamp="1495336042625">
	<sources>
		<source>--source</source>
		<source>/home/travis/build/universAAL/middleware/middleware.core/mw.data.serialization.core/src/main/java</source>
	</sources>
	<packages>
		<package name="org.universAAL.middleware.serialization.turtle" line-rate="0.8392857142857143" branch-rate="0.6985915492957746" complexity="6.947368421052632">
			<classes>
				<class name="org.universAAL.middleware.serialization.turtle.TurtleParser" filename="org/universAAL/middleware/serialization/turtle/TurtleParser.java" line-rate="0.8292181069958847" branch-rate="0.6958041958041958" complexity="7.363636363636363">
					<methods>
						<method name="&lt;clinit&gt;" signature="()V" line-rate="1.0" branch-rate="1.0" complexity="0">
							<lines>
								<line number="59" hits="1" branch="false"/>
								<line number="95" hits="1" branch="false"/>
								<line number="96" hits="1" branch="false"/>
								<line number="97" hits="2" branch="false"/>
								<line number="98" hits="1" branch="false"/>
							</lines>
						</method>
						<method name="&lt;init&gt;" signature="()V" line-rate="1.0" branch-rate="1.0" complexity="0">
							<lines>
								<line number="66" hits="42" branch="false"/>
								<line number="68" hits="42" branch="false"/>
								<line number="74" hits="42" branch="false"/>
								<line number="76" hits="42" branch="false"/>
								<line number="84" hits="42" branch="false"/>
								<line number="93" hits="42" branch="false"/>
								<line number="100" hits="42" branch="false"/>
								<line number="101" hits="42" branch="false"/>
							</lines>
						</method>
						<method name="deserialize" signature="(Ljava/lang/String;Ljava/lang/String;)Ljava/lang/Object;" line-rate="0.7058823529411765" branch-rate="0.7" complexity="0">
							<lines>
								<line number="104" hits="41" branch="true" condition-coverage="50% (1/2)">
									<conditions>
										<condition number="0" type="jump" coverage="50%"/>
									</conditions>
								</line>
								<line number="105" hits="0" branch="false"/>
								<line number="107" hits="41" branch="false"/>
								<line number="108" hits="41" branch="true" condition-coverage="100% (2/2)">
									<conditions>
										<condition number="0" type="jump" coverage="100%"/>
									</conditions>
								</line>
								<line number="109" hits="15" branch="false"/>
								<line number="111" hits="26" branch="true" condition-coverage="100% (2/2)">
									<conditions>
										<condition number="0" type="jump" coverage="100%"/>
									</conditions>
								</line>
								<line number="112" hits="1" branch="false"/>
								<line number="115" hits="25" branch="false"/>
								<line number="116" hits="25" branch="true" condition-coverage="50% (1/2)">
									<conditions>
										<condition number="0" type="jump" coverage="50%"/>
									</conditions>
								</line>
								<line number="117" hits="25" branch="false"/>
								<line number="121" hits="0" branch="false"/>
								<line number="122" hits="0" branch="false"/>
								<line number="123" hits="0" branch="false"/>
								<line number="126" hits="25" branch="false"/>
								<line number="128" hits="25" branch="true" condition-coverage="50% (1/2)">
									<conditions>
										<condition number="0" type="jump" coverage="50%"/>
									</conditions>
								</line>
								<line number="129" hits="0" branch="false"/>
								<line number="131" hits="25" branch="false"/>
							</lines>
						</method>
						<method name="deserialize" signature="(Ljava/lang/String;ZLjava/lang/String;)Ljava/lang/Object;" line-rate="0.8461538461538461" branch-rate="0.625" complexity="0">
							<lines>
								<line number="138" hits="42" branch="false"/>
								<line number="139" hits="27" branch="false"/>
								<line number="140" hits="27" branch="true" condition-coverage="50% (1/2)">
									<conditions>
										<condition number="0" type="jump" coverage="50%"/>
									</conditions>
								</line>
								<line number="141" hits="27" branch="true" condition-coverage="100% (2/2)">
									<conditions>
										<condition number="0" type="jump" coverage="100%"/>
									</conditions>
								</line>
								<line number="142" hits="2" branch="false"/>
								<line number="143" hits="25" branch="true" condition-coverage="50% (1/2)">
									<conditions>
										<condition number="0" type="jump" coverage="50%"/>
									</conditions>
								</line>
								<line number="144" hits="0" branch="false"/>
								<line number="145" hits="25" branch="true" condition-coverage="50% (1/2)">
									<conditions>
										<condition number="0" type="jump" coverage="50%"/>
									</conditions>
								</line>
								<line number="146" hits="0" branch="false"/>
								<line number="149" hits="25" branch="false"/>
								<line number="150" hits="15" branch="false"/>
								<line number="151" hits="15" branch="false"/>
								<line number="155" hits="15" branch="false"/>
							</lines>
						</method>
						<method name="finalizeAndGetRoot" signature="(Ljava/lang/String;)Lorg/universAAL/middleware/rdf/Resource;" line-rate="1.0" branch-rate="1.0" complexity="0">
							<lines>
								<line number="168" hits="27" branch="false"/>
								<line number="169" hits="27" branch="true" condition-coverage="100% (2/2)">
									<conditions>
										<condition number="0" type="jump" coverage="100%"/>
									</conditions>
								</line>
								<line number="170" hits="2" branch="false"/>
								<line number="171" hits="27" branch="true" condition-coverage="100% (2/2)">
									<conditions>
										<condition number="0" type="jump" coverage="100%"/>
									</conditions>
								</line>
								<line number="172" hits="25" branch="false"/>
								<line number="173" hits="27" branch="false"/>
							</lines>
						</method>
						<method name="getResource" signature="(Ljava/lang/String;)Lorg/universAAL/middleware/rdf/Resource;" line-rate="1.0" branch-rate="1.0" complexity="0">
							<lines>
								<line number="178" hits="302" branch="true" condition-coverage="100% (2/2)">
									<conditions>
										<condition number="0" type="jump" coverage="100%"/>
									</conditions>
								</line>
								<line number="179" hits="23" branch="false"/>
								<line number="180" hits="23" branch="false"/>
								<line number="182" hits="279" branch="false"/>
								<line number="183" hits="279" branch="true" condition-coverage="100% (2/2)">
									<conditions>
										<condition number="0" type="jump" coverage="100%"/>
									</conditions>
								</line>
								<line number="184" hits="185" branch="true" condition-coverage="100% (2/2)">
									<conditions>
										<condition number="0" type="jump" coverage="100%"/>
									</conditions>
								</line>
								<line number="186" hits="55" branch="false"/>
								<line number="187" hits="55" branch="true" condition-coverage="100% (2/2)">
									<conditions>
										<condition number="0" type="jump" coverage="100%"/>
									</conditions>
								</line>
								<line number="188" hits="54" branch="false"/>
								<line number="189" hits="54" branch="false"/>
								<line number="192" hits="130" branch="false"/>
								<line number="194" hits="185" branch="false"/>
								<line number="197" hits="302" branch="false"/>
							</lines>
						</method>
						<method name="parse" signature="(Ljava/io/Reader;Ljava/lang/String;)V" line-rate="0.75" branch-rate="0.625" complexity="0">
							<lines>
								<line number="201" hits="42" branch="true" condition-coverage="50% (1/2)">
									<conditions>
										<condition number="0" type="jump" coverage="50%"/>
									</conditions>
								</line>
								<line number="202" hits="0" branch="false"/>
								<line number="204" hits="42" branch="true" condition-coverage="50% (1/2)">
									<conditions>
										<condition number="0" type="jump" coverage="50%"/>
									</conditions>
								</line>
								<line number="205" hits="0" branch="false"/>
								<line number="209" hits="42" branch="false"/>
								<line number="211" hits="42" branch="false"/>
								<line number="212" hits="132" branch="true" condition-coverage="100% (2/2)">
									<conditions>
										<condition number="0" type="jump" coverage="100%"/>
									</conditions>
								</line>
								<line number="213" hits="105" branch="false"/>
								<line number="214" hits="90" branch="true" condition-coverage="50% (1/2)">
									<conditions>
										<condition number="0" type="jump" coverage="50%"/>
									</conditions>
								</line>
								<line number="215" hits="0" branch="false"/>
								<line number="216" hits="90" branch="false"/>
								<line number="218" hits="27" branch="false"/>
							</lines>
						</method>
						<method name="parseCollection" signature="()Ljava/util/List;" line-rate="0.9166666666666666" branch-rate="0.75" complexity="0">
							<lines>
								<line number="221" hits="13" branch="false"/>
								<line number="223" hits="13" branch="false"/>
								<line number="225" hits="13" branch="false"/>
								<line number="226" hits="13" branch="true" condition-coverage="50% (1/2)">
									<conditions>
										<condition number="0" type="jump" coverage="50%"/>
									</conditions>
								</line>
								<line number="228" hits="0" branch="false"/>
								<line number="230" hits="13" branch="false"/>
								<line number="231" hits="13" branch="false"/>
								<line number="233" hits="26" branch="true" condition-coverage="100% (2/2)">
									<conditions>
										<condition number="0" type="jump" coverage="100%"/>
									</conditions>
								</line>
								<line number="234" hits="13" branch="false"/>
								<line number="235" hits="13" branch="false"/>
								<line number="239" hits="13" branch="false"/>
								<line number="242" hits="13" branch="false"/>
							</lines>
						</method>
						<method name="parseDirective" signature="()V" line-rate="0.6666666666666666" branch-rate="0.4" complexity="0">
							<lines>
								<line number="247" hits="31" branch="false"/>
								<line number="249" hits="31" branch="false"/>
								<line number="251" hits="31" branch="false"/>
								<line number="252" hits="217" branch="true" condition-coverage="75% (3/4)">
									<conditions>
										<condition number="0" type="jump" coverage="50%"/>
										<condition number="1" type="jump" coverage="100%"/>
									</conditions>
								</line>
								<line number="253" hits="186" branch="false"/>
								<line number="254" hits="186" branch="false"/>
								<line number="257" hits="31" branch="false"/>
								<line number="258" hits="31" branch="true" condition-coverage="50% (1/2)">
									<conditions>
										<condition number="0" type="jump" coverage="50%"/>
									</conditions>
								</line>
								<line number="259" hits="31" branch="false"/>
								<line number="260" hits="0" branch="true" condition-coverage="0% (0/2)">
									<conditions>
										<condition number="0" type="jump" coverage="0%"/>
									</conditions>
								</line>
								<line number="261" hits="0" branch="false"/>
								<line number="262" hits="0" branch="true" condition-coverage="0% (0/2)">
									<conditions>
										<condition number="0" type="jump" coverage="0%"/>
									</conditions>
								</line>
								<line number="263" hits="0" branch="false"/>
								<line number="266" hits="0" branch="false"/>
								<line number="269" hits="30" branch="false"/>
							</lines>
						</method>
						<method name="parseImplicitBlank" signature="()Lorg/universAAL/middleware/rdf/Resource;" line-rate="1.0" branch-rate="1.0" complexity="0">
							<lines>
								<line number="272" hits="23" branch="false"/>
								<line number="274" hits="23" branch="false"/>
								<line number="276" hits="23" branch="false"/>
								<line number="277" hits="23" branch="true" condition-coverage="100% (2/2)">
									<conditions>
										<condition number="0" type="jump" coverage="100%"/>
									</conditions>
								</line>
								<line number="278" hits="21" branch="false"/>
								<line number="281" hits="21" branch="false"/>
								<line number="282" hits="21" branch="false"/>
								<line number="285" hits="21" branch="false"/>
								<line number="288" hits="21" branch="false"/>
								<line number="290" hits="21" branch="false"/>
								<line number="292" hits="21" branch="false"/>
								<line number="295" hits="21" branch="false"/>
								<line number="298" hits="21" branch="false"/>
								<line number="299" hits="21" branch="false"/>
								<line number="302" hits="23" branch="false"/>
							</lines>
						</method>
						<method name="parseLongString" signature="()Ljava/lang/String;" line-rate="0.875" branch-rate="0.8" complexity="0">
							<lines>
								<line number="306" hits="1" branch="false"/>
								<line number="308" hits="1" branch="false"/>
								<line number="311" hits="2571" branch="true" condition-coverage="100% (2/2)">
									<conditions>
										<condition number="0" type="jump" coverage="100%"/>
									</conditions>
								</line>
								<line number="312" hits="2570" branch="false"/>
								<line number="314" hits="2570" branch="true" condition-coverage="50% (1/2)">
									<conditions>
										<condition number="0" type="jump" coverage="50%"/>
									</conditions>
								</line>
								<line number="315" hits="0" branch="false"/>
								<line number="316" hits="2570" branch="true" condition-coverage="100% (2/2)">
									<conditions>
										<condition number="0" type="jump" coverage="100%"/>
									</conditions>
								</line>
								<line number="317" hits="3" branch="false"/>
								<line number="319" hits="2567" branch="false"/>
								<line number="322" hits="2570" branch="false"/>
								<line number="324" hits="2570" branch="true" condition-coverage="100% (2/2)">
									<conditions>
										<condition number="0" type="jump" coverage="100%"/>
									</conditions>
								</line>
								<line number="326" hits="26" branch="false"/>
								<line number="327" hits="26" branch="true" condition-coverage="50% (1/2)">
									<conditions>
										<condition number="0" type="jump" coverage="50%"/>
									</conditions>
								</line>
								<line number="328" hits="0" branch="false"/>
								<line number="330" hits="26" branch="false"/>
								<line number="334" hits="1" branch="false"/>
							</lines>
						</method>
						<method name="parseNodeID" signature="()Lorg/universAAL/middleware/rdf/Resource;" line-rate="0.8666666666666667" branch-rate="0.6666666666666666" complexity="0">
							<lines>
								<line number="339" hits="57" branch="false"/>
								<line number="340" hits="57" branch="false"/>
								<line number="343" hits="55" branch="false"/>
								<line number="344" hits="55" branch="true" condition-coverage="50% (1/2)">
									<conditions>
										<condition number="0" type="jump" coverage="50%"/>
									</conditions>
								</line>
								<line number="345" hits="0" branch="false"/>
								<line number="346" hits="55" branch="true" condition-coverage="50% (1/2)">
									<conditions>
										<condition number="0" type="jump" coverage="50%"/>
									</conditions>
								</line>
								<line number="347" hits="0" branch="false"/>
								<line number="351" hits="55" branch="false"/>
								<line number="352" hits="55" branch="false"/>
								<line number="355" hits="55" branch="false"/>
								<line number="356" hits="800" branch="true" condition-coverage="100% (2/2)">
									<conditions>
										<condition number="0" type="jump" coverage="100%"/>
									</conditions>
								</line>
								<line number="357" hits="745" branch="false"/>
								<line number="358" hits="745" branch="false"/>
								<line number="361" hits="55" branch="false"/>
								<line number="363" hits="55" branch="false"/>
							</lines>
						</method>
						<method name="parseNumber" signature="()Ljava/lang/Object;" line-rate="0.803921568627451" branch-rate="0.631578947368421" complexity="0">
							<lines>
								<line number="374" hits="5" branch="false"/>
								<line number="375" hits="5" branch="false"/>
								<line number="377" hits="5" branch="false"/>
								<line number="380" hits="5" branch="true" condition-coverage="50% (1/2)">
									<conditions>
										<condition number="0" type="jump" coverage="50%"/>
									</conditions>
								</line>
								<line number="381" hits="0" branch="false"/>
								<line number="382" hits="0" branch="false"/>
								<line number="383" hits="5" branch="true" condition-coverage="100% (2/2)">
									<conditions>
										<condition number="0" type="jump" coverage="100%"/>
									</conditions>
								</line>
								<line number="384" hits="1" branch="false"/>
								<line number="385" hits="1" branch="false"/>
								<line number="386" hits="1" branch="true" condition-coverage="50% (1/2)">
									<conditions>
										<condition number="0" type="jump" coverage="50%"/>
									</conditions>
								</line>
								<line number="387" hits="1" branch="false"/>
								<line number="388" hits="1" branch="true" condition-coverage="50% (1/2)">
									<conditions>
										<condition number="0" type="jump" coverage="50%"/>
									</conditions>
								</line>
								<line number="389" hits="1" branch="false"/>
								<line number="390" hits="1" branch="true" condition-coverage="50% (1/2)">
									<conditions>
										<condition number="0" type="jump" coverage="50%"/>
									</conditions>
								</line>
								<line number="392" hits="2" branch="false"/>
								<line number="393" hits="1" branch="false"/>
								<line number="395" hits="0" branch="false"/>
								<line number="396" hits="0" branch="false"/>
								<line number="398" hits="0" branch="false"/>
								<line number="399" hits="0" branch="false"/>
								<line number="404" hits="17" branch="true" condition-coverage="100% (2/2)">
									<conditions>
										<condition number="0" type="jump" coverage="100%"/>
									</conditions>
								</line>
								<line number="405" hits="13" branch="false"/>
								<line number="406" hits="13" branch="false"/>
								<line number="409" hits="4" branch="true" condition-coverage="66% (4/6)">
									<conditions>
										<condition number="0" type="jump" coverage="100%"/>
										<condition number="1" type="jump" coverage="50%"/>
										<condition number="2" type="jump" coverage="50%"/>
									</conditions>
								</line>
								<line number="411" hits="3" branch="false"/>
								<line number="414" hits="3" branch="true" condition-coverage="50% (1/2)">
									<conditions>
										<condition number="0" type="jump" coverage="50%"/>
									</conditions>
								</line>
								<line number="415" hits="3" branch="false"/>
								<line number="417" hits="3" branch="false"/>
								<line number="418" hits="13" branch="true" condition-coverage="100% (2/2)">
									<conditions>
										<condition number="0" type="jump" coverage="100%"/>
									</conditions>
								</line>
								<line number="419" hits="10" branch="false"/>
								<line number="420" hits="10" branch="false"/>
								<line number="423" hits="3" branch="true" condition-coverage="50% (1/2)">
									<conditions>
										<condition number="0" type="jump" coverage="50%"/>
									</conditions>
								</line>
								<line number="425" hits="0" branch="false"/>
								<line number="428" hits="0" branch="true" condition-coverage="0% (0/2)">
									<conditions>
										<condition number="0" type="jump" coverage="0%"/>
									</conditions>
								</line>
								<line number="430" hits="0" branch="false"/>
								<line number="435" hits="3" branch="true" condition-coverage="75% (3/4)">
									<conditions>
										<condition number="0" type="jump" coverage="50%"/>
										<condition number="1" type="jump" coverage="100%"/>
									</conditions>
								</line>
								<line number="436" hits="1" branch="false"/>
								<line number="437" hits="1" branch="false"/>
								<line number="439" hits="1" branch="false"/>
								<line number="440" hits="1" branch="true" condition-coverage="50% (2/4)">
									<conditions>
										<condition number="0" type="jump" coverage="50%"/>
										<condition number="1" type="jump" coverage="50%"/>
									</conditions>
								</line>
								<line number="441" hits="1" branch="false"/>
								<line number="442" hits="1" branch="false"/>
								<line number="445" hits="1" branch="true" condition-coverage="50% (1/2)">
									<conditions>
										<condition number="0" type="jump" coverage="50%"/>
									</conditions>
								</line>
								<line number="446" hits="0" branch="false"/>
								<line number="449" hits="1" branch="false"/>
								<line number="451" hits="1" branch="false"/>
								<line number="452" hits="2" branch="true" condition-coverage="100% (2/2)">
									<conditions>
										<condition number="0" type="jump" coverage="100%"/>
									</conditions>
								</line>
								<line number="453" hits="1" branch="false"/>
								<line number="454" hits="1" branch="false"/>
								<line number="460" hits="4" branch="false"/>
								<line number="462" hits="4" branch="false"/>
							</lines>
						</method>
						<method name="parseObject" signature="()V" line-rate="1.0" branch-rate="1.0" complexity="0">
							<lines>
								<line number="466" hits="260" branch="false"/>
								<line number="468" hits="260" branch="true" condition-coverage="100% (2/2)">
									<conditions>
										<condition number="0" type="jump" coverage="100%"/>
									</conditions>
								</line>
								<line number="469" hits="13" branch="false"/>
								<line number="470" hits="247" branch="true" condition-coverage="100% (2/2)">
									<conditions>
										<condition number="0" type="jump" coverage="100%"/>
									</conditions>
								</line>
								<line number="471" hits="23" branch="false"/>
								<line number="473" hits="224" branch="false"/>
								<line number="475" hits="254" branch="false"/>
							</lines>
						</method>
						<method name="parseObjectList" signature="()V" line-rate="1.0" branch-rate="1.0" complexity="0">
							<lines>
								<line number="478" hits="164" branch="false"/>
								<line number="479" hits="164" branch="false"/>
								<line number="481" hits="228" branch="true" condition-coverage="100% (2/2)">
									<conditions>
										<condition number="0" type="jump" coverage="100%"/>
									</conditions>
								</line>
								<line number="482" hits="70" branch="false"/>
								<line number="483" hits="70" branch="false"/>
								<line number="484" hits="70" branch="false"/>
								<line number="485" hits="70" branch="false"/>
								<line number="488" hits="158" branch="true" condition-coverage="100% (2/2)">
									<conditions>
										<condition number="0" type="jump" coverage="100%"/>
									</conditions>
								</line>
								<line number="489" hits="14" branch="false"/>
								<line number="490" hits="14" branch="false"/>
								<line number="493" hits="158" branch="false"/>
								<line number="494" hits="158" branch="false"/>
							</lines>
						</method>
						<method name="parsePredicate" signature="()Ljava/lang/String;" line-rate="0.6923076923076923" branch-rate="0.4" complexity="0">
							<lines>
								<line number="498" hits="170" branch="false"/>
								<line number="500" hits="170" branch="true" condition-coverage="100% (2/2)">
									<conditions>
										<condition number="0" type="jump" coverage="100%"/>
									</conditions>
								</line>
								<line number="501" hits="56" branch="false"/>
								<line number="503" hits="56" branch="true" condition-coverage="50% (1/2)">
									<conditions>
										<condition number="0" type="jump" coverage="50%"/>
									</conditions>
								</line>
								<line number="505" hits="56" branch="false"/>
								<line number="509" hits="0" branch="false"/>
								<line number="511" hits="114" branch="false"/>
								<line number="514" hits="114" branch="false"/>
								<line number="515" hits="108" branch="true" condition-coverage="50% (1/2)">
									<conditions>
										<condition number="0" type="jump" coverage="50%"/>
									</conditions>
								</line>
								<line number="516" hits="108" branch="false"/>
								<line number="517" hits="0" branch="true" condition-coverage="0% (0/4)">
									<conditions>
										<condition number="0" type="jump" coverage="0%"/>
										<condition number="1" type="jump" coverage="0%"/>
									</conditions>
								</line>
								<line number="518" hits="0" branch="false"/>
								<line number="520" hits="0" branch="false"/>
							</lines>
						</method>
						<method name="parsePredicateObjectList" signature="()V" line-rate="0.8666666666666667" branch-rate="0.625" complexity="0">
							<lines>
								<line number="524" hits="93" branch="false"/>
								<line number="525" hits="87" branch="true" condition-coverage="50% (1/2)">
									<conditions>
										<condition number="0" type="jump" coverage="50%"/>
									</conditions>
								</line>
								<line number="526" hits="0" branch="false"/>
								<line number="528" hits="87" branch="false"/>
								<line number="529" hits="87" branch="false"/>
								<line number="531" hits="158" branch="true" condition-coverage="100% (2/2)">
									<conditions>
										<condition number="0" type="jump" coverage="100%"/>
									</conditions>
								</line>
								<line number="532" hits="77" branch="false"/>
								<line number="534" hits="77" branch="false"/>
								<line number="536" hits="77" branch="true" condition-coverage="50% (2/4)">
									<conditions>
										<condition number="0" type="jump" coverage="50%"/>
										<condition number="1" type="jump" coverage="50%"/>
									</conditions>
								</line>
								<line number="538" hits="0" branch="false"/>
								<line number="541" hits="77" branch="false"/>
								<line number="542" hits="77" branch="false"/>
								<line number="543" hits="77" branch="false"/>
								<line number="544" hits="77" branch="false"/>
								<line number="545" hits="81" branch="false"/>
							</lines>
						</method>
						<method name="parsePrefixID" signature="()V" line-rate="0.8888888888888888" branch-rate="0.6666666666666666" complexity="0">
							<lines>
								<line number="548" hits="31" branch="false"/>
								<line number="551" hits="31" branch="false"/>
								<line number="554" hits="97" branch="false"/>
								<line number="556" hits="97" branch="true" condition-coverage="100% (2/2)">
									<conditions>
										<condition number="0" type="jump" coverage="100%"/>
									</conditions>
								</line>
								<line number="557" hits="31" branch="false"/>
								<line number="558" hits="31" branch="false"/>
								<line number="559" hits="66" branch="true" condition-coverage="50% (1/2)">
									<conditions>
										<condition number="0" type="jump" coverage="50%"/>
									</conditions>
								</line>
								<line number="560" hits="0" branch="false"/>
								<line number="561" hits="66" branch="true" condition-coverage="50% (1/2)">
									<conditions>
										<condition number="0" type="jump" coverage="50%"/>
									</conditions>
								</line>
								<line number="562" hits="0" branch="false"/>
								<line number="565" hits="66" branch="false"/>
								<line number="566" hits="66" branch="false"/>
								<line number="568" hits="31" branch="false"/>
								<line number="569" hits="31" branch="false"/>
								<line number="570" hits="31" branch="false"/>
								<line number="573" hits="31" branch="false"/>
								<line number="575" hits="30" branch="false"/>
								<line number="576" hits="30" branch="false"/>
							</lines>
						</method>
						<method name="parseQNameOrBoolean" signature="(Z)Ljava/lang/Object;" line-rate="0.8181818181818182" branch-rate="0.7666666666666667" complexity="0">
							<lines>
								<line number="580" hits="200" branch="false"/>
								<line number="581" hits="200" branch="true" condition-coverage="50% (1/2)">
									<conditions>
										<condition number="0" type="jump" coverage="50%"/>
									</conditions>
								</line>
								<line number="582" hits="0" branch="false"/>
								<line number="584" hits="200" branch="true" condition-coverage="75% (3/4)">
									<conditions>
										<condition number="0" type="jump" coverage="100%"/>
										<condition number="1" type="jump" coverage="50%"/>
									</conditions>
								</line>
								<line number="585" hits="0" branch="false"/>
								<line number="589" hits="200" branch="false"/>
								<line number="591" hits="200" branch="true" condition-coverage="100% (2/2)">
									<conditions>
										<condition number="0" type="jump" coverage="100%"/>
									</conditions>
								</line>
								<line number="593" hits="90" branch="false"/>
								<line number="594" hits="90" branch="true" condition-coverage="100% (2/2)">
									<conditions>
										<condition number="0" type="jump" coverage="100%"/>
									</conditions>
								</line>
								<line number="595" hits="1" branch="false"/>
								<line number="600" hits="110" branch="false"/>
								<line number="601" hits="110" branch="false"/>
								<line number="603" hits="110" branch="false"/>
								<line number="604" hits="322" branch="true" condition-coverage="100% (2/2)">
									<conditions>
										<condition number="0" type="jump" coverage="100%"/>
									</conditions>
								</line>
								<line number="605" hits="212" branch="false"/>
								<line number="606" hits="212" branch="false"/>
								<line number="609" hits="110" branch="true" condition-coverage="100% (2/2)">
									<conditions>
										<condition number="0" type="jump" coverage="100%"/>
									</conditions>
								</line>
								<line number="611" hits="8" branch="false"/>
								<line number="613" hits="8" branch="true" condition-coverage="50% (2/4)">
									<conditions>
										<condition number="0" type="jump" coverage="50%"/>
										<condition number="1" type="jump" coverage="50%"/>
									</conditions>
								</line>
								<line number="614" hits="0" branch="false"/>
								<line number="615" hits="0" branch="false"/>
								<line number="616" hits="8" branch="true" condition-coverage="50% (1/2)">
									<conditions>
										<condition number="0" type="jump" coverage="50%"/>
									</conditions>
								</line>
								<line number="617" hits="0" branch="false"/>
								<line number="618" hits="0" branch="false"/>
								<line number="619" hits="8" branch="true" condition-coverage="100% (2/2)">
									<conditions>
										<condition number="0" type="jump" coverage="100%"/>
									</conditions>
								</line>
								<line number="620" hits="2" branch="false"/>
								<line number="621" hits="1" branch="false"/>
								<line number="625" hits="109" branch="false"/>
								<line number="627" hits="102" branch="false"/>
								<line number="628" hits="102" branch="true" condition-coverage="50% (1/2)">
									<conditions>
										<condition number="0" type="jump" coverage="50%"/>
									</conditions>
								</line>
								<line number="629" hits="0" branch="false"/>
								<line number="630" hits="0" branch="false"/>
								<line number="635" hits="191" branch="false"/>
								<line number="636" hits="191" branch="false"/>
								<line number="637" hits="191" branch="true" condition-coverage="50% (1/2)">
									<conditions>
										<condition number="0" type="jump" coverage="50%"/>
									</conditions>
								</line>
								<line number="638" hits="191" branch="false"/>
								<line number="640" hits="191" branch="false"/>
								<line number="641" hits="1863" branch="true" condition-coverage="100% (2/2)">
									<conditions>
										<condition number="0" type="jump" coverage="100%"/>
									</conditions>
								</line>
								<line number="642" hits="1672" branch="false"/>
								<line number="643" hits="1672" branch="false"/>
								<line number="648" hits="191" branch="false"/>
								<line number="651" hits="191" branch="true" condition-coverage="100% (2/2)">
									<conditions>
										<condition number="0" type="jump" coverage="100%"/>
									</conditions>
								</line>
								<line number="652" hits="108" branch="false"/>
								<line number="654" hits="83" branch="false"/>
							</lines>
						</method>
						<method name="parseQuotedLiteral" signature="()Ljava/lang/Object;" line-rate="0.7878787878787878" branch-rate="0.6111111111111112" complexity="0">
							<lines>
								<line number="658" hits="42" branch="false"/>
								<line number="661" hits="42" branch="false"/>
								<line number="663" hits="42" branch="true" condition-coverage="100% (2/2)">
									<conditions>
										<condition number="0" type="jump" coverage="100%"/>
									</conditions>
								</line>
								<line number="664" hits="5" branch="false"/>
								<line number="667" hits="5" branch="false"/>
								<line number="669" hits="5" branch="false"/>
								<line number="670" hits="5" branch="true" condition-coverage="50% (1/2)">
									<conditions>
										<condition number="0" type="jump" coverage="50%"/>
									</conditions>
								</line>
								<line number="671" hits="0" branch="false"/>
								<line number="673" hits="5" branch="true" condition-coverage="50% (1/2)">
									<conditions>
										<condition number="0" type="jump" coverage="50%"/>
									</conditions>
								</line>
								<line number="674" hits="0" branch="false"/>
								<line number="678" hits="5" branch="false"/>
								<line number="680" hits="5" branch="false"/>
								<line number="681" hits="10" branch="true" condition-coverage="100% (2/2)">
									<conditions>
										<condition number="0" type="jump" coverage="100%"/>
									</conditions>
								</line>
								<line number="682" hits="5" branch="false"/>
								<line number="683" hits="5" branch="false"/>
								<line number="686" hits="5" branch="false"/>
								<line number="688" hits="5" branch="false"/>
								<line number="690" hits="37" branch="true" condition-coverage="50% (1/2)">
									<conditions>
										<condition number="0" type="jump" coverage="50%"/>
									</conditions>
								</line>
								<line number="691" hits="37" branch="false"/>
								<line number="694" hits="37" branch="false"/>
								<line number="697" hits="37" branch="false"/>
								<line number="698" hits="37" branch="true" condition-coverage="50% (1/2)">
									<conditions>
										<condition number="0" type="jump" coverage="50%"/>
									</conditions>
								</line>
								<line number="699" hits="37" branch="false"/>
								<line number="700" hits="0" branch="true" condition-coverage="0% (0/2)">
									<conditions>
										<condition number="0" type="jump" coverage="0%"/>
									</conditions>
								</line>
								<line number="701" hits="0" branch="false"/>
								<line number="704" hits="37" branch="true" condition-coverage="100% (2/2)">
									<conditions>
										<condition number="0" type="jump" coverage="100%"/>
									</conditions>
								</line>
								<line number="705" hits="1" branch="false"/>
								<line number="706" hits="1" branch="true" condition-coverage="50% (1/2)">
									<conditions>
										<condition number="0" type="jump" coverage="50%"/>
									</conditions>
								</line>
								<line number="707" hits="0" branch="false"/>
								<line number="708" hits="0" branch="false"/>
								<line number="710" hits="1" branch="false"/>
								<line number="713" hits="36" branch="false"/>
								<line number="715" hits="0" branch="false"/>
							</lines>
						</method>
						<method name="parseQuotedString" signature="()Ljava/lang/String;" line-rate="1.0" branch-rate="0.75" complexity="0">
							<lines>
								<line number="720" hits="42" branch="false"/>
								<line number="723" hits="42" branch="false"/>
								<line number="726" hits="42" branch="false"/>
								<line number="727" hits="42" branch="false"/>
								<line number="729" hits="42" branch="true" condition-coverage="75% (3/4)">
									<conditions>
										<condition number="0" type="jump" coverage="100%"/>
										<condition number="1" type="jump" coverage="50%"/>
									</conditions>
								</line>
								<line number="731" hits="1" branch="false"/>
								<line number="734" hits="41" branch="false"/>
								<line number="735" hits="41" branch="false"/>
								<line number="737" hits="41" branch="false"/>
								<line number="740" hits="42" branch="false"/>
							</lines>
						</method>
						<method name="parseStatement" signature="()V" line-rate="1.0" branch-rate="0.75" complexity="0">
							<lines>
								<line number="744" hits="105" branch="false"/>
								<line number="746" hits="105" branch="true" condition-coverage="100% (2/2)">
									<conditions>
										<condition number="0" type="jump" coverage="100%"/>
									</conditions>
								</line>
								<line number="747" hits="31" branch="false"/>
								<line number="748" hits="30" branch="false"/>
								<line number="749" hits="30" branch="false"/>
								<line number="751" hits="74" branch="false"/>
								<line number="752" hits="60" branch="true" condition-coverage="50% (1/2)">
									<conditions>
										<condition number="0" type="jump" coverage="50%"/>
									</conditions>
								</line>
								<line number="753" hits="60" branch="false"/>
								<line number="754" hits="60" branch="false"/>
								<line number="757" hits="90" branch="false"/>
							</lines>
						</method>
						<method name="parseString" signature="()Ljava/lang/String;" line-rate="0.6428571428571429" branch-rate="0.5" complexity="0">
							<lines>
								<line number="760" hits="41" branch="false"/>
								<line number="763" hits="574" branch="false"/>
								<line number="765" hits="574" branch="true" condition-coverage="100% (2/2)">
									<conditions>
										<condition number="0" type="jump" coverage="100%"/>
									</conditions>
								</line>
								<line number="766" hits="41" branch="false"/>
								<line number="767" hits="533" branch="true" condition-coverage="50% (1/2)">
									<conditions>
										<condition number="0" type="jump" coverage="50%"/>
									</conditions>
								</line>
								<line number="768" hits="0" branch="false"/>
								<line number="771" hits="533" branch="false"/>
								<line number="773" hits="533" branch="true" condition-coverage="50% (1/2)">
									<conditions>
										<condition number="0" type="jump" coverage="50%"/>
									</conditions>
								</line>
								<line number="775" hits="0" branch="false"/>
								<line number="776" hits="0" branch="true" condition-coverage="0% (0/2)">
									<conditions>
										<condition number="0" type="jump" coverage="0%"/>
									</conditions>
								</line>
								<line number="777" hits="0" branch="false"/>
								<line number="779" hits="0" branch="false"/>
								<line number="781" hits="533" branch="false"/>
								<line number="783" hits="41" branch="false"/>
							</lines>
						</method>
						<method name="parseSubject" signature="()V" line-rate="0.375" branch-rate="0.3" complexity="0">
							<lines>
								<line number="787" hits="74" branch="false"/>
								<line number="789" hits="74" branch="true" condition-coverage="50% (1/2)">
									<conditions>
										<condition number="0" type="jump" coverage="50%"/>
									</conditions>
								</line>
								<line number="790" hits="0" branch="false"/>
								<line number="791" hits="0" branch="true" condition-coverage="0% (0/4)">
									<conditions>
										<condition number="0" type="jump" coverage="0%"/>
										<condition number="1" type="jump" coverage="0%"/>
									</conditions>
								</line>
								<line number="792" hits="0" branch="false"/>
								<line number="794" hits="0" branch="false"/>
								<line number="795" hits="0" branch="false"/>
								<line number="796" hits="0" branch="false"/>
								<line number="797" hits="0" branch="false"/>
								<line number="799" hits="0" branch="true" condition-coverage="50% (1/2)">
									<conditions>
										<condition number="0" type="jump" coverage="50%"/>
									</conditions>
								</line>
								<line number="800" hits="0" branch="false"/>
								<line number="802" hits="74" branch="false"/>
								<line number="804" hits="72" branch="true" condition-coverage="50% (1/2)">
									<conditions>
										<condition number="0" type="jump" coverage="50%"/>
									</conditions>
								</line>
								<line number="805" hits="72" branch="false"/>
								<line number="807" hits="0" branch="false"/>
								<line number="810" hits="72" branch="false"/>
							</lines>
						</method>
						<method name="parseTriples" signature="()V" line-rate="1.0" branch-rate="1.0" complexity="0">
							<lines>
								<line number="813" hits="74" branch="false"/>
								<line number="814" hits="74" branch="false"/>
								<line number="815" hits="72" branch="true" condition-coverage="100% (2/2)">
									<conditions>
										<condition number="0" type="jump" coverage="100%"/>
									</conditions>
								</line>
								<line number="819" hits="57" branch="false"/>
								<line number="822" hits="72" branch="true" condition-coverage="100% (2/2)">
									<conditions>
										<condition number="0" type="jump" coverage="100%"/>
									</conditions>
								</line>
								<line number="823" hits="39" branch="false"/>
								<line number="825" hits="72" branch="false"/>
								<line number="826" hits="72" branch="false"/>
								<line number="828" hits="60" branch="false"/>
								<line number="829" hits="60" branch="false"/>
								<line number="830" hits="60" branch="false"/>
								<line number="831" hits="60" branch="false"/>
							</lines>
						</method>
						<method name="parseURI" signature="()Ljava/lang/String;" line-rate="0.8235294117647058" branch-rate="0.875" complexity="0">
							<lines>
								<line number="834" hits="174" branch="false"/>
								<line number="837" hits="174" branch="false"/>
								<line number="838" hits="174" branch="false"/>
								<line number="842" hits="5847" branch="false"/>
								<line number="844" hits="5847" branch="true" condition-coverage="100% (2/2)">
									<conditions>
										<condition number="0" type="jump" coverage="100%"/>
									</conditions>
								</line>
								<line number="845" hits="171" branch="false"/>
								<line number="846" hits="5676" branch="true" condition-coverage="100% (2/2)">
									<conditions>
										<condition number="0" type="jump" coverage="100%"/>
									</conditions>
								</line>
								<line number="847" hits="2" branch="false"/>
								<line number="850" hits="5674" branch="false"/>
								<line number="852" hits="5674" branch="true" condition-coverage="100% (2/2)">
									<conditions>
										<condition number="0" type="jump" coverage="100%"/>
									</conditions>
								</line>
								<line number="854" hits="1" branch="false"/>
								<line number="855" hits="1" branch="true" condition-coverage="50% (1/2)">
									<conditions>
										<condition number="0" type="jump" coverage="50%"/>
									</conditions>
								</line>
								<line number="856" hits="1" branch="false"/>
								<line number="858" hits="0" branch="false"/>
								<line number="863" hits="171" branch="false"/>
								<line number="864" hits="0" branch="false"/>
								<line number="865" hits="0" branch="false"/>
							</lines>
						</method>
						<method name="parseValue" signature="(Z)Ljava/lang/Object;" line-rate="0.85" branch-rate="0.7857142857142857" complexity="0">
							<lines>
								<line number="885" hits="449" branch="false"/>
								<line number="887" hits="449" branch="true" condition-coverage="100% (2/2)">
									<conditions>
										<condition number="0" type="jump" coverage="100%"/>
									</conditions>
								</line>
								<line number="889" hits="143" branch="true" condition-coverage="100% (2/2)">
									<conditions>
										<condition number="0" type="jump" coverage="100%"/>
									</conditions>
								</line>
								<line number="890" hits="118" branch="false"/>
								<line number="892" hits="25" branch="false"/>
								<line number="893" hits="306" branch="true" condition-coverage="100% (4/4)">
									<conditions>
										<condition number="0" type="jump" coverage="100%"/>
										<condition number="1" type="jump" coverage="100%"/>
									</conditions>
								</line>
								<line number="895" hits="200" branch="false"/>
								<line number="896" hits="106" branch="true" condition-coverage="100% (2/2)">
									<conditions>
										<condition number="0" type="jump" coverage="100%"/>
									</conditions>
								</line>
								<line number="898" hits="57" branch="false"/>
								<line number="899" hits="49" branch="true" condition-coverage="100% (2/2)">
									<conditions>
										<condition number="0" type="jump" coverage="100%"/>
									</conditions>
								</line>
								<line number="901" hits="42" branch="false"/>
								<line number="902" hits="7" branch="true" condition-coverage="75% (6/8)">
									<conditions>
										<condition number="0" type="jump" coverage="100%"/>
										<condition number="1" type="jump" coverage="50%"/>
										<condition number="2" type="jump" coverage="50%"/>
										<condition number="3" type="jump" coverage="100%"/>
									</conditions>
								</line>
								<line number="905" hits="5" branch="false"/>
								<line number="906" hits="2" branch="true" condition-coverage="100% (2/2)">
									<conditions>
										<condition number="0" type="jump" coverage="100%"/>
									</conditions>
								</line>
								<line number="909" hits="1" branch="true" condition-coverage="50% (2/4)">
									<conditions>
										<condition number="0" type="jump" coverage="50%"/>
										<condition number="1" type="jump" coverage="50%"/>
									</conditions>
								</line>
								<line number="910" hits="0" branch="true" condition-coverage="0% (0/2)">
									<conditions>
										<condition number="0" type="jump" coverage="0%"/>
									</conditions>
								</line>
								<line number="911" hits="0" branch="false"/>
								<line number="912" hits="0" branch="false"/>
								<line number="914" hits="1" branch="false"/>
								<line number="916" hits="1" branch="false"/>
							</lines>
						</method>
						<method name="peek" signature="()I" line-rate="1.0" branch-rate="1.0" complexity="0">
							<lines>
								<line number="926" hits="930" branch="false"/>
								<line number="927" hits="930" branch="false"/>
								<line number="928" hits="930" branch="false"/>
							</lines>
						</method>
						<method name="read" signature="()I" line-rate="0.3333333333333333" branch-rate="1.0" complexity="0">
							<lines>
								<line number="934" hits="17760" branch="false"/>
								<line number="935" hits="0" branch="false"/>
								<line number="936" hits="0" branch="false"/>
							</lines>
						</method>
						<method name="reportStatement" signature="(Lorg/universAAL/middleware/rdf/Resource;Ljava/lang/String;Ljava/lang/Object;)V" line-rate="0.75" branch-rate="0.6666666666666666" complexity="0">
							<lines>
								<line number="941" hits="158" branch="true" condition-coverage="66% (4/6)">
									<conditions>
										<condition number="0" type="jump" coverage="50%"/>
										<condition number="1" type="jump" coverage="100%"/>
										<condition number="2" type="jump" coverage="50%"/>
									</conditions>
								</line>
								<line number="942" hits="0" branch="false"/>
								<line number="943" hits="158" branch="false"/>
								<line number="944" hits="158" branch="false"/>
							</lines>
						</method>
						<method name="skipLine" signature="()V" line-rate="0.625" branch-rate="0.5" complexity="0">
							<lines>
								<line number="948" hits="4" branch="false"/>
								<line number="949" hits="56" branch="true" condition-coverage="66% (4/6)">
									<conditions>
										<condition number="0" type="jump" coverage="50%"/>
										<condition number="1" type="jump" coverage="50%"/>
										<condition number="2" type="jump" coverage="100%"/>
									</conditions>
								</line>
								<line number="950" hits="52" branch="false"/>
								<line number="955" hits="4" branch="true" condition-coverage="50% (1/2)">
									<conditions>
										<condition number="0" type="jump" coverage="50%"/>
									</conditions>
								</line>
								<line number="956" hits="0" branch="false"/>
								<line number="958" hits="0" branch="true" condition-coverage="0% (0/2)">
									<conditions>
										<condition number="0" type="jump" coverage="0%"/>
									</conditions>
								</line>
								<line number="959" hits="0" branch="false"/>
								<line number="962" hits="4" branch="false"/>
							</lines>
						</method>
						<method name="skipWSC" signature="()I" line-rate="1.0" branch-rate="1.0" complexity="0">
							<lines>
								<line number="966" hits="1165" branch="false"/>
								<line number="967" hits="2847" branch="true" condition-coverage="100% (4/4)">
									<conditions>
										<condition number="0" type="jump" coverage="100%"/>
										<condition number="1" type="jump" coverage="100%"/>
									</conditions>
								</line>
								<line number="968" hits="1682" branch="true" condition-coverage="100% (2/2)">
									<conditions>
										<condition number="0" type="jump" coverage="100%"/>
									</conditions>
								</line>
								<line number="969" hits="4" branch="false"/>
								<line number="972" hits="1682" branch="false"/>
								<line number="975" hits="1165" branch="false"/>
								<line number="977" hits="1165" branch="false"/>
							</lines>
						</method>
						<method name="unread" signature="(I)V" line-rate="0.6666666666666666" branch-rate="1.0" complexity="0">
							<lines>
								<line number="982" hits="2598" branch="true" condition-coverage="100% (2/2)">
									<conditions>
										<condition number="0" type="jump" coverage="100%"/>
									</conditions>
								</line>
								<line number="984" hits="2568" branch="false"/>
								<line number="985" hits="0" branch="false"/>
								<line number="986" hits="0" branch="false"/>
								<line number="987" hits="2568" branch="false"/>
								<line number="989" hits="2598" branch="false"/>
							</lines>
						</method>
						<method name="verifyCharacter" signature="(ILjava/lang/String;)V" line-rate="0.9375" branch-rate="0.875" complexity="0">
							<lines>
								<line number="996" hits="685" branch="true" condition-coverage="100% (2/2)">
									<conditions>
										<condition number="0" type="jump" coverage="100%"/>
									</conditions>
								</line>
								<line number="997" hits="1" branch="false"/>
								<line number="998" hits="684" branch="true" condition-coverage="100% (2/2)">
									<conditions>
										<condition number="0" type="jump" coverage="100%"/>
									</conditions>
								</line>
								<line number="999" hits="8" branch="false"/>
								<line number="1000" hits="8" branch="false"/>
								<line number="1001" hits="16" branch="true" condition-coverage="100% (2/2)">
									<conditions>
										<condition number="0" type="jump" coverage="100%"/>
									</conditions>
								</line>
								<line number="1002" hits="8" branch="true" condition-coverage="50% (1/2)">
									<conditions>
										<condition number="0" type="jump" coverage="50%"/>
									</conditions>
								</line>
								<line number="1003" hits="0" branch="false"/>
								<line number="1005" hits="8" branch="false"/>
								<line number="1006" hits="8" branch="false"/>
								<line number="1007" hits="8" branch="false"/>
								<line number="1009" hits="8" branch="false"/>
								<line number="1010" hits="8" branch="false"/>
								<line number="1011" hits="8" branch="false"/>
								<line number="1013" hits="8" branch="false"/>
								<line number="1015" hits="676" branch="false"/>
							</lines>
						</method>
					</methods>
					<lines>
						<line number="59" hits="1" branch="false"/>
						<line number="66" hits="42" branch="false"/>
						<line number="68" hits="42" branch="false"/>
						<line number="74" hits="42" branch="false"/>
						<line number="76" hits="42" branch="false"/>
						<line number="84" hits="42" branch="false"/>
						<line number="93" hits="42" branch="false"/>
						<line number="95" hits="1" branch="false"/>
						<line number="96" hits="1" branch="false"/>
						<line number="97" hits="2" branch="false"/>
						<line number="98" hits="1" branch="false"/>
						<line number="100" hits="42" branch="false"/>
						<line number="101" hits="42" branch="false"/>
						<line number="104" hits="41" branch="true" condition-coverage="50% (1/2)">
							<conditions>
								<condition number="0" type="jump" coverage="50%"/>
							</conditions>
						</line>
						<line number="105" hits="0" branch="false"/>
						<line number="107" hits="41" branch="false"/>
						<line number="108" hits="41" branch="true" condition-coverage="100% (2/2)">
							<conditions>
								<condition number="0" type="jump" coverage="100%"/>
							</conditions>
						</line>
						<line number="109" hits="15" branch="false"/>
						<line number="111" hits="26" branch="true" condition-coverage="100% (2/2)">
							<conditions>
								<condition number="0" type="jump" coverage="100%"/>
							</conditions>
						</line>
						<line number="112" hits="1" branch="false"/>
						<line number="115" hits="25" branch="false"/>
						<line number="116" hits="25" branch="true" condition-coverage="50% (1/2)">
							<conditions>
								<condition number="0" type="jump" coverage="50%"/>
							</conditions>
						</line>
						<line number="117" hits="25" branch="false"/>
						<line number="121" hits="0" branch="false"/>
						<line number="122" hits="0" branch="false"/>
						<line number="123" hits="0" branch="false"/>
						<line number="126" hits="25" branch="false"/>
						<line number="128" hits="25" branch="true" condition-coverage="50% (1/2)">
							<conditions>
								<condition number="0" type="jump" coverage="50%"/>
							</conditions>
						</line>
						<line number="129" hits="0" branch="false"/>
						<line number="131" hits="25" branch="false"/>
						<line number="138" hits="42" branch="false"/>
						<line number="139" hits="27" branch="false"/>
						<line number="140" hits="27" branch="true" condition-coverage="50% (1/2)">
							<conditions>
								<condition number="0" type="jump" coverage="50%"/>
							</conditions>
						</line>
						<line number="141" hits="27" branch="true" condition-coverage="100% (2/2)">
							<conditions>
								<condition number="0" type="jump" coverage="100%"/>
							</conditions>
						</line>
						<line number="142" hits="2" branch="false"/>
						<line number="143" hits="25" branch="true" condition-coverage="50% (1/2)">
							<conditions>
								<condition number="0" type="jump" coverage="50%"/>
							</conditions>
						</line>
						<line number="144" hits="0" branch="false"/>
						<line number="145" hits="25" branch="true" condition-coverage="50% (1/2)">
							<conditions>
								<condition number="0" type="jump" coverage="50%"/>
							</conditions>
						</line>
						<line number="146" hits="0" branch="false"/>
						<line number="149" hits="25" branch="false"/>
						<line number="150" hits="15" branch="false"/>
						<line number="151" hits="15" branch="false"/>
						<line number="155" hits="15" branch="false"/>
						<line number="168" hits="27" branch="false"/>
						<line number="169" hits="27" branch="true" condition-coverage="100% (2/2)">
							<conditions>
								<condition number="0" type="jump" coverage="100%"/>
							</conditions>
						</line>
						<line number="170" hits="2" branch="false"/>
						<line number="171" hits="27" branch="true" condition-coverage="100% (2/2)">
							<conditions>
								<condition number="0" type="jump" coverage="100%"/>
							</conditions>
						</line>
						<line number="172" hits="25" branch="false"/>
						<line number="173" hits="27" branch="false"/>
						<line number="178" hits="302" branch="true" condition-coverage="100% (2/2)">
							<conditions>
								<condition number="0" type="jump" coverage="100%"/>
							</conditions>
						</line>
						<line number="179" hits="23" branch="false"/>
						<line number="180" hits="23" branch="false"/>
						<line number="182" hits="279" branch="false"/>
						<line number="183" hits="279" branch="true" condition-coverage="100% (2/2)">
							<conditions>
								<condition number="0" type="jump" coverage="100%"/>
							</conditions>
						</line>
						<line number="184" hits="185" branch="true" condition-coverage="100% (2/2)">
							<conditions>
								<condition number="0" type="jump" coverage="100%"/>
							</conditions>
						</line>
						<line number="186" hits="55" branch="false"/>
						<line number="187" hits="55" branch="true" condition-coverage="100% (2/2)">
							<conditions>
								<condition number="0" type="jump" coverage="100%"/>
							</conditions>
						</line>
						<line number="188" hits="54" branch="false"/>
						<line number="189" hits="54" branch="false"/>
						<line number="192" hits="130" branch="false"/>
						<line number="194" hits="185" branch="false"/>
						<line number="197" hits="302" branch="false"/>
						<line number="201" hits="42" branch="true" condition-coverage="50% (1/2)">
							<conditions>
								<condition number="0" type="jump" coverage="50%"/>
							</conditions>
						</line>
						<line number="202" hits="0" branch="false"/>
						<line number="204" hits="42" branch="true" condition-coverage="50% (1/2)">
							<conditions>
								<condition number="0" type="jump" coverage="50%"/>
							</conditions>
						</line>
						<line number="205" hits="0" branch="false"/>
						<line number="209" hits="42" branch="false"/>
						<line number="211" hits="42" branch="false"/>
						<line number="212" hits="132" branch="true" condition-coverage="100% (2/2)">
							<conditions>
								<condition number="0" type="jump" coverage="100%"/>
							</conditions>
						</line>
						<line number="213" hits="105" branch="false"/>
						<line number="214" hits="90" branch="true" condition-coverage="50% (1/2)">
							<conditions>
								<condition number="0" type="jump" coverage="50%"/>
							</conditions>
						</line>
						<line number="215" hits="0" branch="false"/>
						<line number="216" hits="90" branch="false"/>
						<line number="218" hits="27" branch="false"/>
						<line number="221" hits="13" branch="false"/>
						<line number="223" hits="13" branch="false"/>
						<line number="225" hits="13" branch="false"/>
						<line number="226" hits="13" branch="true" condition-coverage="50% (1/2)">
							<conditions>
								<condition number="0" type="jump" coverage="50%"/>
							</conditions>
						</line>
						<line number="228" hits="0" branch="false"/>
						<line number="230" hits="13" branch="false"/>
						<line number="231" hits="13" branch="false"/>
						<line number="233" hits="26" branch="true" condition-coverage="100% (2/2)">
							<conditions>
								<condition number="0" type="jump" coverage="100%"/>
							</conditions>
						</line>
						<line number="234" hits="13" branch="false"/>
						<line number="235" hits="13" branch="false"/>
						<line number="239" hits="13" branch="false"/>
						<line number="242" hits="13" branch="false"/>
						<line number="247" hits="31" branch="false"/>
						<line number="249" hits="31" branch="false"/>
						<line number="251" hits="31" branch="false"/>
						<line number="252" hits="217" branch="true" condition-coverage="75% (3/4)">
							<conditions>
								<condition number="0" type="jump" coverage="50%"/>
								<condition number="1" type="jump" coverage="100%"/>
							</conditions>
						</line>
						<line number="253" hits="186" branch="false"/>
						<line number="254" hits="186" branch="false"/>
						<line number="257" hits="31" branch="false"/>
						<line number="258" hits="31" branch="true" condition-coverage="50% (1/2)">
							<conditions>
								<condition number="0" type="jump" coverage="50%"/>
							</conditions>
						</line>
						<line number="259" hits="31" branch="false"/>
						<line number="260" hits="0" branch="true" condition-coverage="0% (0/2)">
							<conditions>
								<condition number="0" type="jump" coverage="0%"/>
							</conditions>
						</line>
						<line number="261" hits="0" branch="false"/>
						<line number="262" hits="0" branch="true" condition-coverage="0% (0/2)">
							<conditions>
								<condition number="0" type="jump" coverage="0%"/>
							</conditions>
						</line>
						<line number="263" hits="0" branch="false"/>
						<line number="266" hits="0" branch="false"/>
						<line number="269" hits="30" branch="false"/>
						<line number="272" hits="23" branch="false"/>
						<line number="274" hits="23" branch="false"/>
						<line number="276" hits="23" branch="false"/>
						<line number="277" hits="23" branch="true" condition-coverage="100% (2/2)">
							<conditions>
								<condition number="0" type="jump" coverage="100%"/>
							</conditions>
						</line>
						<line number="278" hits="21" branch="false"/>
						<line number="281" hits="21" branch="false"/>
						<line number="282" hits="21" branch="false"/>
						<line number="285" hits="21" branch="false"/>
						<line number="288" hits="21" branch="false"/>
						<line number="290" hits="21" branch="false"/>
						<line number="292" hits="21" branch="false"/>
						<line number="295" hits="21" branch="false"/>
						<line number="298" hits="21" branch="false"/>
						<line number="299" hits="21" branch="false"/>
						<line number="302" hits="23" branch="false"/>
						<line number="306" hits="1" branch="false"/>
						<line number="308" hits="1" branch="false"/>
						<line number="311" hits="2571" branch="true" condition-coverage="100% (2/2)">
							<conditions>
								<condition number="0" type="jump" coverage="100%"/>
							</conditions>
						</line>
						<line number="312" hits="2570" branch="false"/>
						<line number="314" hits="2570" branch="true" condition-coverage="50% (1/2)">
							<conditions>
								<condition number="0" type="jump" coverage="50%"/>
							</conditions>
						</line>
						<line number="315" hits="0" branch="false"/>
						<line number="316" hits="2570" branch="true" condition-coverage="100% (2/2)">
							<conditions>
								<condition number="0" type="jump" coverage="100%"/>
							</conditions>
						</line>
						<line number="317" hits="3" branch="false"/>
						<line number="319" hits="2567" branch="false"/>
						<line number="322" hits="2570" branch="false"/>
						<line number="324" hits="2570" branch="true" condition-coverage="100% (2/2)">
							<conditions>
								<condition number="0" type="jump" coverage="100%"/>
							</conditions>
						</line>
						<line number="326" hits="26" branch="false"/>
						<line number="327" hits="26" branch="true" condition-coverage="50% (1/2)">
							<conditions>
								<condition number="0" type="jump" coverage="50%"/>
							</conditions>
						</line>
						<line number="328" hits="0" branch="false"/>
						<line number="330" hits="26" branch="false"/>
						<line number="334" hits="1" branch="false"/>
						<line number="339" hits="57" branch="false"/>
						<line number="340" hits="57" branch="false"/>
						<line number="343" hits="55" branch="false"/>
						<line number="344" hits="55" branch="true" condition-coverage="50% (1/2)">
							<conditions>
								<condition number="0" type="jump" coverage="50%"/>
							</conditions>
						</line>
						<line number="345" hits="0" branch="false"/>
						<line number="346" hits="55" branch="true" condition-coverage="50% (1/2)">
							<conditions>
								<condition number="0" type="jump" coverage="50%"/>
							</conditions>
						</line>
						<line number="347" hits="0" branch="false"/>
						<line number="351" hits="55" branch="false"/>
						<line number="352" hits="55" branch="false"/>
						<line number="355" hits="55" branch="false"/>
						<line number="356" hits="800" branch="true" condition-coverage="100% (2/2)">
							<conditions>
								<condition number="0" type="jump" coverage="100%"/>
							</conditions>
						</line>
						<line number="357" hits="745" branch="false"/>
						<line number="358" hits="745" branch="false"/>
						<line number="361" hits="55" branch="false"/>
						<line number="363" hits="55" branch="false"/>
						<line number="374" hits="5" branch="false"/>
						<line number="375" hits="5" branch="false"/>
						<line number="377" hits="5" branch="false"/>
						<line number="380" hits="5" branch="true" condition-coverage="50% (1/2)">
							<conditions>
								<condition number="0" type="jump" coverage="50%"/>
							</conditions>
						</line>
						<line number="381" hits="0" branch="false"/>
						<line number="382" hits="0" branch="false"/>
						<line number="383" hits="5" branch="true" condition-coverage="100% (2/2)">
							<conditions>
								<condition number="0" type="jump" coverage="100%"/>
							</conditions>
						</line>
						<line number="384" hits="1" branch="false"/>
						<line number="385" hits="1" branch="false"/>
						<line number="386" hits="1" branch="true" condition-coverage="50% (1/2)">
							<conditions>
								<condition number="0" type="jump" coverage="50%"/>
							</conditions>
						</line>
						<line number="387" hits="1" branch="false"/>
						<line number="388" hits="1" branch="true" condition-coverage="50% (1/2)">
							<conditions>
								<condition number="0" type="jump" coverage="50%"/>
							</conditions>
						</line>
						<line number="389" hits="1" branch="false"/>
						<line number="390" hits="1" branch="true" condition-coverage="50% (1/2)">
							<conditions>
								<condition number="0" type="jump" coverage="50%"/>
							</conditions>
						</line>
						<line number="392" hits="2" branch="false"/>
						<line number="393" hits="1" branch="false"/>
						<line number="395" hits="0" branch="false"/>
						<line number="396" hits="0" branch="false"/>
						<line number="398" hits="0" branch="false"/>
						<line number="399" hits="0" branch="false"/>
						<line number="404" hits="17" branch="true" condition-coverage="100% (2/2)">
							<conditions>
								<condition number="0" type="jump" coverage="100%"/>
							</conditions>
						</line>
						<line number="405" hits="13" branch="false"/>
						<line number="406" hits="13" branch="false"/>
						<line number="409" hits="4" branch="true" condition-coverage="66% (4/6)">
							<conditions>
								<condition number="0" type="jump" coverage="100%"/>
								<condition number="1" type="jump" coverage="50%"/>
								<condition number="2" type="jump" coverage="50%"/>
							</conditions>
						</line>
						<line number="411" hits="3" branch="false"/>
						<line number="414" hits="3" branch="true" condition-coverage="50% (1/2)">
							<conditions>
								<condition number="0" type="jump" coverage="50%"/>
							</conditions>
						</line>
						<line number="415" hits="3" branch="false"/>
						<line number="417" hits="3" branch="false"/>
						<line number="418" hits="13" branch="true" condition-coverage="100% (2/2)">
							<conditions>
								<condition number="0" type="jump" coverage="100%"/>
							</conditions>
						</line>
						<line number="419" hits="10" branch="false"/>
						<line number="420" hits="10" branch="false"/>
						<line number="423" hits="3" branch="true" condition-coverage="50% (1/2)">
							<conditions>
								<condition number="0" type="jump" coverage="50%"/>
							</conditions>
						</line>
						<line number="425" hits="0" branch="false"/>
						<line number="428" hits="0" branch="true" condition-coverage="0% (0/2)">
							<conditions>
								<condition number="0" type="jump" coverage="0%"/>
							</conditions>
						</line>
						<line number="430" hits="0" branch="false"/>
						<line number="435" hits="3" branch="true" condition-coverage="75% (3/4)">
							<conditions>
								<condition number="0" type="jump" coverage="50%"/>
								<condition number="1" type="jump" coverage="100%"/>
							</conditions>
						</line>
						<line number="436" hits="1" branch="false"/>
						<line number="437" hits="1" branch="false"/>
						<line number="439" hits="1" branch="false"/>
						<line number="440" hits="1" branch="true" condition-coverage="50% (2/4)">
							<conditions>
								<condition number="0" type="jump" coverage="50%"/>
								<condition number="1" type="jump" coverage="50%"/>
							</conditions>
						</line>
						<line number="441" hits="1" branch="false"/>
						<line number="442" hits="1" branch="false"/>
						<line number="445" hits="1" branch="true" condition-coverage="50% (1/2)">
							<conditions>
								<condition number="0" type="jump" coverage="50%"/>
							</conditions>
						</line>
						<line number="446" hits="0" branch="false"/>
						<line number="449" hits="1" branch="false"/>
						<line number="451" hits="1" branch="false"/>
						<line number="452" hits="2" branch="true" condition-coverage="100% (2/2)">
							<conditions>
								<condition number="0" type="jump" coverage="100%"/>
							</conditions>
						</line>
						<line number="453" hits="1" branch="false"/>
						<line number="454" hits="1" branch="false"/>
						<line number="460" hits="4" branch="false"/>
						<line number="462" hits="4" branch="false"/>
						<line number="466" hits="260" branch="false"/>
						<line number="468" hits="260" branch="true" condition-coverage="100% (2/2)">
							<conditions>
								<condition number="0" type="jump" coverage="100%"/>
							</conditions>
						</line>
						<line number="469" hits="13" branch="false"/>
						<line number="470" hits="247" branch="true" condition-coverage="100% (2/2)">
							<conditions>
								<condition number="0" type="jump" coverage="100%"/>
							</conditions>
						</line>
						<line number="471" hits="23" branch="false"/>
						<line number="473" hits="224" branch="false"/>
						<line number="475" hits="254" branch="false"/>
						<line number="478" hits="164" branch="false"/>
						<line number="479" hits="164" branch="false"/>
						<line number="481" hits="228" branch="true" condition-coverage="100% (2/2)">
							<conditions>
								<condition number="0" type="jump" coverage="100%"/>
							</conditions>
						</line>
						<line number="482" hits="70" branch="false"/>
						<line number="483" hits="70" branch="false"/>
						<line number="484" hits="70" branch="false"/>
						<line number="485" hits="70" branch="false"/>
						<line number="488" hits="158" branch="true" condition-coverage="100% (2/2)">
							<conditions>
								<condition number="0" type="jump" coverage="100%"/>
							</conditions>
						</line>
						<line number="489" hits="14" branch="false"/>
						<line number="490" hits="14" branch="false"/>
						<line number="493" hits="158" branch="false"/>
						<line number="494" hits="158" branch="false"/>
						<line number="498" hits="170" branch="false"/>
						<line number="500" hits="170" branch="true" condition-coverage="100% (2/2)">
							<conditions>
								<condition number="0" type="jump" coverage="100%"/>
							</conditions>
						</line>
						<line number="501" hits="56" branch="false"/>
						<line number="503" hits="56" branch="true" condition-coverage="50% (1/2)">
							<conditions>
								<condition number="0" type="jump" coverage="50%"/>
							</conditions>
						</line>
						<line number="505" hits="56" branch="false"/>
						<line number="509" hits="0" branch="false"/>
						<line number="511" hits="114" branch="false"/>
						<line number="514" hits="114" branch="false"/>
						<line number="515" hits="108" branch="true" condition-coverage="50% (1/2)">
							<conditions>
								<condition number="0" type="jump" coverage="50%"/>
							</conditions>
						</line>
						<line number="516" hits="108" branch="false"/>
						<line number="517" hits="0" branch="true" condition-coverage="0% (0/4)">
							<conditions>
								<condition number="0" type="jump" coverage="0%"/>
								<condition number="1" type="jump" coverage="0%"/>
							</conditions>
						</line>
						<line number="518" hits="0" branch="false"/>
						<line number="520" hits="0" branch="false"/>
						<line number="524" hits="93" branch="false"/>
						<line number="525" hits="87" branch="true" condition-coverage="50% (1/2)">
							<conditions>
								<condition number="0" type="jump" coverage="50%"/>
							</conditions>
						</line>
						<line number="526" hits="0" branch="false"/>
						<line number="528" hits="87" branch="false"/>
						<line number="529" hits="87" branch="false"/>
						<line number="531" hits="158" branch="true" condition-coverage="100% (2/2)">
							<conditions>
								<condition number="0" type="jump" coverage="100%"/>
							</conditions>
						</line>
						<line number="532" hits="77" branch="false"/>
						<line number="534" hits="77" branch="false"/>
						<line number="536" hits="77" branch="true" condition-coverage="50% (2/4)">
							<conditions>
								<condition number="0" type="jump" coverage="50%"/>
								<condition number="1" type="jump" coverage="50%"/>
							</conditions>
						</line>
						<line number="538" hits="0" branch="false"/>
						<line number="541" hits="77" branch="false"/>
						<line number="542" hits="77" branch="false"/>
						<line number="543" hits="77" branch="false"/>
						<line number="544" hits="77" branch="false"/>
						<line number="545" hits="81" branch="false"/>
						<line number="548" hits="31" branch="false"/>
						<line number="551" hits="31" branch="false"/>
						<line number="554" hits="97" branch="false"/>
						<line number="556" hits="97" branch="true" condition-coverage="100% (2/2)">
							<conditions>
								<condition number="0" type="jump" coverage="100%"/>
							</conditions>
						</line>
						<line number="557" hits="31" branch="false"/>
						<line number="558" hits="31" branch="false"/>
						<line number="559" hits="66" branch="true" condition-coverage="50% (1/2)">
							<conditions>
								<condition number="0" type="jump" coverage="50%"/>
							</conditions>
						</line>
						<line number="560" hits="0" branch="false"/>
						<line number="561" hits="66" branch="true" condition-coverage="50% (1/2)">
							<conditions>
								<condition number="0" type="jump" coverage="50%"/>
							</conditions>
						</line>
						<line number="562" hits="0" branch="false"/>
						<line number="565" hits="66" branch="false"/>
						<line number="566" hits="66" branch="false"/>
						<line number="568" hits="31" branch="false"/>
						<line number="569" hits="31" branch="false"/>
						<line number="570" hits="31" branch="false"/>
						<line number="573" hits="31" branch="false"/>
						<line number="575" hits="30" branch="false"/>
						<line number="576" hits="30" branch="false"/>
						<line number="580" hits="200" branch="false"/>
						<line number="581" hits="200" branch="true" condition-coverage="50% (1/2)">
							<conditions>
								<condition number="0" type="jump" coverage="50%"/>
							</conditions>
						</line>
						<line number="582" hits="0" branch="false"/>
						<line number="584" hits="200" branch="true" condition-coverage="75% (3/4)">
							<conditions>
								<condition number="0" type="jump" coverage="100%"/>
								<condition number="1" type="jump" coverage="50%"/>
							</conditions>
						</line>
						<line number="585" hits="0" branch="false"/>
						<line number="589" hits="200" branch="false"/>
						<line number="591" hits="200" branch="true" condition-coverage="100% (2/2)">
							<conditions>
								<condition number="0" type="jump" coverage="100%"/>
							</conditions>
						</line>
						<line number="593" hits="90" branch="false"/>
						<line number="594" hits="90" branch="true" condition-coverage="100% (2/2)">
							<conditions>
								<condition number="0" type="jump" coverage="100%"/>
							</conditions>
						</line>
						<line number="595" hits="1" branch="false"/>
						<line number="600" hits="110" branch="false"/>
						<line number="601" hits="110" branch="false"/>
						<line number="603" hits="110" branch="false"/>
						<line number="604" hits="322" branch="true" condition-coverage="100% (2/2)">
							<conditions>
								<condition number="0" type="jump" coverage="100%"/>
							</conditions>
						</line>
						<line number="605" hits="212" branch="false"/>
						<line number="606" hits="212" branch="false"/>
						<line number="609" hits="110" branch="true" condition-coverage="100% (2/2)">
							<conditions>
								<condition number="0" type="jump" coverage="100%"/>
							</conditions>
						</line>
						<line number="611" hits="8" branch="false"/>
						<line number="613" hits="8" branch="true" condition-coverage="50% (2/4)">
							<conditions>
								<condition number="0" type="jump" coverage="50%"/>
								<condition number="1" type="jump" coverage="50%"/>
							</conditions>
						</line>
						<line number="614" hits="0" branch="false"/>
						<line number="615" hits="0" branch="false"/>
						<line number="616" hits="8" branch="true" condition-coverage="50% (1/2)">
							<conditions>
								<condition number="0" type="jump" coverage="50%"/>
							</conditions>
						</line>
						<line number="617" hits="0" branch="false"/>
						<line number="618" hits="0" branch="false"/>
						<line number="619" hits="8" branch="true" condition-coverage="100% (2/2)">
							<conditions>
								<condition number="0" type="jump" coverage="100%"/>
							</conditions>
						</line>
						<line number="620" hits="2" branch="false"/>
						<line number="621" hits="1" branch="false"/>
						<line number="625" hits="109" branch="false"/>
						<line number="627" hits="102" branch="false"/>
						<line number="628" hits="102" branch="true" condition-coverage="50% (1/2)">
							<conditions>
								<condition number="0" type="jump" coverage="50%"/>
							</conditions>
						</line>
						<line number="629" hits="0" branch="false"/>
						<line number="630" hits="0" branch="false"/>
						<line number="635" hits="191" branch="false"/>
						<line number="636" hits="191" branch="false"/>
						<line number="637" hits="191" branch="true" condition-coverage="50% (1/2)">
							<conditions>
								<condition number="0" type="jump" coverage="50%"/>
							</conditions>
						</line>
						<line number="638" hits="191" branch="false"/>
						<line number="640" hits="191" branch="false"/>
						<line number="641" hits="1863" branch="true" condition-coverage="100% (2/2)">
							<conditions>
								<condition number="0" type="jump" coverage="100%"/>
							</conditions>
						</line>
						<line number="642" hits="1672" branch="false"/>
						<line number="643" hits="1672" branch="false"/>
[...]
						<line number="661" hits="256" branch="true" condition-coverage="100% (2/2)">
							<conditions>
								<condition number="0" type="jump" coverage="100%"/>
							</conditions>
						</line>
						<line number="662" hits="153" branch="false"/>
						<line number="663" hits="256" branch="false"/>
						<line number="678" hits="35" branch="true" condition-coverage="75% (3/4)">
							<conditions>
								<condition number="0" type="jump" coverage="100%"/>
								<condition number="1" type="jump" coverage="50%"/>
							</conditions>
						</line>
						<line number="679" hits="34" branch="true" condition-coverage="50% (1/2)">
							<conditions>
								<condition number="0" type="jump" coverage="50%"/>
							</conditions>
						</line>
						<line number="681" hits="1" branch="false"/>
						<line number="682" hits="1" branch="false"/>
						<line number="683" hits="1" branch="false"/>
						<line number="686" hits="34" branch="false"/>
						<line number="687" hits="34" branch="false"/>
						<line number="688" hits="34" branch="false"/>
						<line number="691" hits="35" branch="true" condition-coverage="50% (1/2)">
							<conditions>
								<condition number="0" type="jump" coverage="50%"/>
							</conditions>
						</line>
						<line number="694" hits="35" branch="false"/>
						<line number="695" hits="35" branch="false"/>
						<line number="697" hits="35" branch="false"/>
						<line number="710" hits="18" branch="false"/>
						<line number="711" hits="18" branch="false"/>
						<line number="712" hits="18" branch="false"/>
						<line number="713" hits="18" branch="false"/>
						<line number="714" hits="18" branch="false"/>
						<line number="715" hits="18" branch="false"/>
						<line number="716" hits="18" branch="false"/>
						<line number="727" hits="22" branch="false"/>
						<line number="729" hits="22" branch="false"/>
						<line number="731" hits="22" branch="true" condition-coverage="100% (2/2)">
							<conditions>
								<condition number="0" type="jump" coverage="100%"/>
							</conditions>
						</line>
						<line number="732" hits="31" branch="false"/>
						<line number="733" hits="31" branch="false"/>
						<line number="734" hits="31" branch="true" condition-coverage="50% (1/2)">
							<conditions>
								<condition number="0" type="jump" coverage="50%"/>
							</conditions>
						</line>
						<line number="735" hits="0" branch="false"/>
						<line number="736" hits="31" branch="false"/>
						<line number="737" hits="31" branch="true" condition-coverage="100% (2/2)">
							<conditions>
								<condition number="0" type="jump" coverage="100%"/>
							</conditions>
						</line>
						<line number="738" hits="13" branch="false"/>
						<line number="739" hits="18" branch="true" condition-coverage="100% (2/2)">
							<conditions>
								<condition number="0" type="jump" coverage="100%"/>
							</conditions>
						</line>
						<line number="740" hits="11" branch="false"/>
						<line number="741" hits="11" branch="false"/>
						<line number="742" hits="7" branch="true" condition-coverage="100% (2/2)">
							<conditions>
								<condition number="0" type="jump" coverage="100%"/>
							</conditions>
						</line>
						<line number="743" hits="1" branch="false"/>
						<line number="744" hits="1" branch="false"/>
						<line number="745" hits="1" branch="false"/>
						<line number="747" hits="6" branch="false"/>
						<line number="748" hits="18" branch="false"/>
						<line number="750" hits="22" branch="true" condition-coverage="100% (2/2)">
							<conditions>
								<condition number="0" type="jump" coverage="100%"/>
							</conditions>
						</line>
						<line number="751" hits="11" branch="false"/>
						<line number="752" hits="11" branch="false"/>
						<line number="753" hits="11" branch="false"/>
						<line number="755" hits="22" branch="false"/>
						<line number="762" hits="134" branch="true" condition-coverage="100% (2/2)">
							<conditions>
								<condition number="0" type="jump" coverage="100%"/>
							</conditions>
						</line>
						<line number="764" hits="44" branch="false"/>
						<line number="766" hits="90" branch="false"/>
						<line number="767" hits="134" branch="false"/>
						<line number="772" hits="166" branch="false"/>
						<line number="773" hits="166" branch="true" condition-coverage="100% (2/2)">
							<conditions>
								<condition number="0" type="jump" coverage="100%"/>
							</conditions>
						</line>
						<line number="774" hits="143" branch="false"/>
						<line number="775" hits="143" branch="true" condition-coverage="100% (4/4)">
							<conditions>
								<condition number="0" type="jump" coverage="100%"/>
								<condition number="1" type="jump" coverage="100%"/>
							</conditions>
						</line>
						<line number="776" hits="1" branch="true" condition-coverage="50% (2/4)">
							<conditions>
								<condition number="0" type="jump" coverage="50%"/>
								<condition number="1" type="jump" coverage="50%"/>
							</conditions>
						</line>
						<line number="777" hits="1" branch="false"/>
						<line number="780" hits="0" branch="false"/>
						<line number="784" hits="142" branch="true" condition-coverage="50% (1/2)">
							<conditions>
								<condition number="0" type="jump" coverage="50%"/>
							</conditions>
						</line>
						<line number="785" hits="0" branch="false"/>
						<line number="788" hits="142" branch="true" condition-coverage="100% (2/2)">
							<conditions>
								<condition number="0" type="jump" coverage="100%"/>
							</conditions>
						</line>
						<line number="789" hits="142" branch="true" condition-coverage="100% (2/2)">
							<conditions>
								<condition number="0" type="jump" coverage="100%"/>
							</conditions>
						</line>
						<line number="790" hits="90" branch="false"/>
						<line number="792" hits="142" branch="true" condition-coverage="100% (2/2)">
							<conditions>
								<condition number="0" type="jump" coverage="100%"/>
							</conditions>
						</line>
						<line number="794" hits="42" branch="false"/>
						<line number="796" hits="42" branch="false"/>
						<line number="797" hits="42" branch="false"/>
						<line number="799" hits="42" branch="false"/>
						<line number="800" hits="42" branch="false"/>
						<line number="802" hits="42" branch="true" condition-coverage="100% (2/2)">
							<conditions>
								<condition number="0" type="jump" coverage="100%"/>
							</conditions>
						</line>
						<line number="803" hits="39" branch="false"/>
						<line number="805" hits="3" branch="false"/>
						<line number="806" hits="42" branch="false"/>
						<line number="808" hits="42" branch="false"/>
						<line number="809" hits="42" branch="true" condition-coverage="100% (2/2)">
							<conditions>
								<condition number="0" type="jump" coverage="100%"/>
							</conditions>
						</line>
						<line number="810" hits="41" branch="false"/>
						<line number="811" hits="41" branch="true" condition-coverage="100% (2/2)">
							<conditions>
								<condition number="0" type="jump" coverage="100%"/>
							</conditions>
						</line>
						<line number="812" hits="13" branch="false"/>
						<line number="814" hits="28" branch="false"/>
						<line number="816" hits="42" branch="true" condition-coverage="100% (2/2)">
							<conditions>
								<condition number="0" type="jump" coverage="100%"/>
							</conditions>
						</line>
						<line number="817" hits="13" branch="true" condition-coverage="75% (3/4)">
							<conditions>
								<condition number="0" type="jump" coverage="100%"/>
								<condition number="1" type="jump" coverage="50%"/>
							</conditions>
						</line>
						<line number="818" hits="3" branch="false"/>
						<line number="819" hits="100" branch="true" condition-coverage="100% (2/2)">
							<conditions>
								<condition number="0" type="jump" coverage="100%"/>
							</conditions>
						</line>
						<line number="820" hits="29" branch="false"/>
						<line number="822" hits="23" branch="false"/>
						<line number="823" hits="23" branch="false"/>
						<line number="824" hits="23" branch="true" condition-coverage="100% (2/2)">
							<conditions>
								<condition number="0" type="jump" coverage="100%"/>
							</conditions>
						</line>
						<line number="825" hits="2" branch="false"/>
						<line number="826" hits="2" branch="false"/>
						<line number="828" hits="21" branch="true" condition-coverage="50% (1/2)">
							<conditions>
								<condition number="0" type="jump" coverage="50%"/>
							</conditions>
						</line>
						<line number="829" hits="21" branch="false"/>
						<line number="830" hits="21" branch="false"/>
						<line number="831" hits="21" branch="false"/>
						<line number="832" hits="21" branch="false"/>
						<line number="833" hits="21" branch="false"/>
						<line number="834" hits="21" branch="false"/>
						<line number="836" hits="21" branch="false"/>
						<line number="838" hits="21" branch="false"/>
						<line number="839" hits="21" branch="false"/>
						<line number="840" hits="21" branch="false"/>
						<line number="841" hits="21" branch="true" condition-coverage="50% (1/2)">
							<conditions>
								<condition number="0" type="jump" coverage="50%"/>
							</conditions>
						</line>
						<line number="842" hits="21" branch="false"/>
						<line number="844" hits="21" branch="false"/>
						<line number="845" hits="21" branch="false"/>
						<line number="847" hits="163" branch="false"/>
						<line number="859" hits="267" branch="true" condition-coverage="100% (2/2)">
							<conditions>
								<condition number="0" type="jump" coverage="100%"/>
							</conditions>
						</line>
						<line number="860" hits="15" branch="false"/>
						<line number="861" hits="15" branch="false"/>
						<line number="864" hits="252" branch="false"/>
						<line number="866" hits="252" branch="false"/>
						<line number="867" hits="252" branch="true" condition-coverage="100% (2/2)">
							<conditions>
								<condition number="0" type="jump" coverage="100%"/>
							</conditions>
						</line>
						<line number="868" hits="213" branch="false"/>
						<line number="869" hits="213" branch="false"/>
						<line number="872" hits="252" branch="true" condition-coverage="100% (2/2)">
							<conditions>
								<condition number="0" type="jump" coverage="100%"/>
							</conditions>
						</line>
						<line number="874" hits="175" branch="false"/>
						<line number="875" hits="175" branch="false"/>
						<line number="876" hits="175" branch="false"/>
						<line number="879" hits="77" branch="false"/>
						<line number="880" hits="77" branch="false"/>
						<line number="881" hits="77" branch="false"/>
						<line number="883" hits="252" branch="false"/>
						<line number="888" hits="234" branch="true" condition-coverage="100% (2/2)">
							<conditions>
								<condition number="0" type="jump" coverage="100%"/>
							</conditions>
						</line>
						<line number="889" hits="65" branch="true" condition-coverage="100% (2/2)">
							<conditions>
								<condition number="0" type="jump" coverage="100%"/>
							</conditions>
						</line>
						<line number="890" hits="13" branch="false"/>
						<line number="891" hits="13" branch="false"/>
						<line number="892" hits="13" branch="false"/>
						<line number="893" hits="13" branch="true" condition-coverage="100% (2/2)">
							<conditions>
								<condition number="0" type="jump" coverage="100%"/>
							</conditions>
						</line>
						<line number="894" hits="26" branch="false"/>
						<line number="895" hits="26" branch="true" condition-coverage="100% (2/2)">
							<conditions>
								<condition number="0" type="jump" coverage="100%"/>
							</conditions>
						</line>
						<line number="896" hits="13" branch="false"/>
						<line number="898" hits="13" branch="false"/>
						<line number="899" hits="13" branch="false"/>
						<line number="900" hits="13" branch="false"/>
						<line number="902" hits="52" branch="false"/>
						<line number="903" hits="52" branch="false"/>
						<line number="904" hits="74" branch="true" condition-coverage="100% (2/2)">
							<conditions>
								<condition number="0" type="jump" coverage="100%"/>
							</conditions>
						</line>
						<line number="905" hits="22" branch="false"/>
						<line number="906" hits="22" branch="false"/>
						<line number="907" hits="22" branch="false"/>
						<line number="909" hits="52" branch="true" condition-coverage="50% (1/2)">
							<conditions>
								<condition number="0" type="jump" coverage="50%"/>
							</conditions>
						</line>
						<line number="912" hits="52" branch="false"/>
						<line number="914" hits="52" branch="false"/>
						<line number="916" hits="65" branch="false"/>
						<line number="917" hits="169" branch="true" condition-coverage="100% (2/2)">
							<conditions>
								<condition number="0" type="jump" coverage="100%"/>
							</conditions>
						</line>
						<line number="918" hits="123" branch="true" condition-coverage="50% (1/2)">
							<conditions>
								<condition number="0" type="jump" coverage="50%"/>
							</conditions>
						</line>
						<line number="919" hits="0" branch="true" condition-coverage="0% (0/2)">
							<conditions>
								<condition number="0" type="jump" coverage="0%"/>
							</conditions>
						</line>
						<line number="920" hits="0" branch="true" condition-coverage="0% (0/2)">
							<conditions>
								<condition number="0" type="jump" coverage="0%"/>
							</conditions>
						</line>
						<line number="921" hits="0" branch="false"/>
						<line number="924" hits="0" branch="false"/>
						<line number="925" hits="0" branch="false"/>
						<line number="928" hits="123" branch="false"/>
						<line number="930" hits="123" branch="false"/>
						<line number="931" hits="46" branch="true" condition-coverage="50% (1/2)">
							<conditions>
								<condition number="0" type="jump" coverage="50%"/>
							</conditions>
						</line>
						<line number="932" hits="0" branch="false"/>
						<line number="933" hits="0" branch="false"/>
						<line number="934" hits="46" branch="true" condition-coverage="100% (2/2)">
							<conditions>
								<condition number="0" type="jump" coverage="100%"/>
							</conditions>
						</line>
						<line number="935" hits="4" branch="true" condition-coverage="100% (2/2)">
							<conditions>
								<condition number="0" type="jump" coverage="100%"/>
							</conditions>
						</line>
						<line number="936" hits="1" branch="false"/>
						<line number="937" hits="1" branch="false"/>
						<line number="938" hits="3" branch="true" condition-coverage="100% (2/2)">
							<conditions>
								<condition number="0" type="jump" coverage="100%"/>
							</conditions>
						</line>
						<line number="939" hits="1" branch="false"/>
						<line number="940" hits="1" branch="false"/>
						<line number="942" hits="2" branch="false"/>
						<line number="946" hits="2" branch="true" condition-coverage="75% (3/4)">
							<conditions>
								<condition number="0" type="jump" coverage="50%"/>
								<condition number="1" type="jump" coverage="100%"/>
							</conditions>
						</line>
						<line number="947" hits="1" branch="false"/>
						<line number="948" hits="1" branch="false"/>
						<line number="951" hits="1" branch="false"/>
						<line number="952" hits="42" branch="true" condition-coverage="100% (2/2)">
							<conditions>
								<condition number="0" type="jump" coverage="100%"/>
							</conditions>
						</line>
						<line number="953" hits="1" branch="false"/>
						<line number="954" hits="1" branch="false"/>
						<line number="955" hits="41" branch="true" condition-coverage="100% (2/2)">
							<conditions>
								<condition number="0" type="jump" coverage="100%"/>
							</conditions>
						</line>
						<line number="956" hits="2" branch="false"/>
						<line number="961" hits="2" branch="true" condition-coverage="50% (2/4)">
							<conditions>
								<condition number="0" type="jump" coverage="50%"/>
								<condition number="1" type="jump" coverage="50%"/>
							</conditions>
						</line>
						<line number="962" hits="2" branch="true" condition-coverage="50% (1/2)">
							<conditions>
								<condition number="0" type="jump" coverage="50%"/>
							</conditions>
						</line>
						<line number="963" hits="2" branch="false"/>
						<line number="964" hits="2" branch="false"/>
						<line number="967" hits="0" branch="true" condition-coverage="100% (2/2)">
							<conditions>
								<condition number="0" type="jump" coverage="100%"/>
							</conditions>
						</line>
						<line number="968" hits="5" branch="false"/>
						<line number="969" hits="5" branch="false"/>
						<line number="970" hits="5" branch="false"/>
						<line number="971" hits="5" branch="true" condition-coverage="50% (1/2)">
							<conditions>
								<condition number="0" type="jump" coverage="50%"/>
							</conditions>
						</line>
						<line number="972" hits="0" branch="false"/>
						<line number="973" hits="0" branch="false"/>
						<line number="975" hits="5" branch="false"/>
						<line number="976" hits="5" branch="false"/>
						<line number="978" hits="5" branch="false"/>
						<line number="979" hits="34" branch="true" condition-coverage="100% (2/2)">
							<conditions>
								<condition number="0" type="jump" coverage="100%"/>
							</conditions>
						</line>
						<line number="980" hits="1" branch="false"/>
						<line number="981" hits="1" branch="true" condition-coverage="50% (1/2)">
							<conditions>
								<condition number="0" type="jump" coverage="50%"/>
							</conditions>
						</line>
						<line number="982" hits="0" branch="false"/>
						<line number="983" hits="1" branch="false"/>
						<line number="984" hits="1" branch="false"/>
						<line number="988" hits="34" branch="false"/>
						<line number="989" hits="34" branch="false"/>
						<line number="990" hits="34" branch="false"/>
					</lines>
				</class>
				<class name="org.universAAL.middleware.serialization.turtle.TurtleWriter$1" filename="org/universAAL/middleware/serialization/turtle/TurtleWriter.java" line-rate="1.0" branch-rate="1.0" complexity="7.615384615384615">
					<methods>
					</methods>
					<lines>
					</lines>
				</class>
				<class name="org.universAAL.middleware.serialization.turtle.TurtleWriter$SerData" filename="org/universAAL/middleware/serialization/turtle/TurtleWriter.java" line-rate="1.0" branch-rate="1.0" complexity="7.615384615384615">
					<methods>
						<method name="&lt;init&gt;" signature="(Lorg/universAAL/middleware/serialization/turtle/TurtleWriter;)V" line-rate="1.0" branch-rate="1.0" complexity="0">
							<lines>
								<line number="69" hits="254" branch="false"/>
								<line number="76" hits="254" branch="false"/>
								<line number="79" hits="254" branch="false"/>
								<line number="85" hits="254" branch="false"/>
								<line number="91" hits="254" branch="false"/>
								<line number="97" hits="254" branch="false"/>
							</lines>
						</method>
						<method name="&lt;init&gt;" signature="(Lorg/universAAL/middleware/serialization/turtle/TurtleWriter;Lorg/universAAL/middleware/serialization/turtle/TurtleWriter$1;)V" line-rate="1.0" branch-rate="1.0" complexity="0">
							<lines>
								<line number="63" hits="508" branch="false"/>
							</lines>
						</method>
					</methods>
					<lines>
						<line number="63" hits="508" branch="false"/>
						<line number="69" hits="254" branch="false"/>
						<line number="76" hits="254" branch="false"/>
						<line number="79" hits="254" branch="false"/>
						<line number="85" hits="254" branch="false"/>
						<line number="91" hits="254" branch="false"/>
						<line number="97" hits="254" branch="false"/>
					</lines>
				</class>
			</classes>
		</package>
	</packages>
</coverage>
